<?xml version="1.0" encoding="UTF-8"?>
<testsuites>
  <testsuite name="/home/ubuntu/dev/talent-tracker/phpunit.xml" tests="7" assertions="13" errors="0" failures="0" skipped="0" time="5.013721">
    <testsuite name="Feature" tests="6" assertions="12" errors="0" failures="0" skipped="0" time="4.899838">
      <testsuite name="Tests\Feature\ModelTest" file="tests/Feature/ModelTest.php" tests="3" assertions="3" errors="0" failures="0" skipped="0" time="1.834394">
        <testsuite name="Tests\Feature\ModelTest::__pest_evaluable_Assignment_" tests="2" assertions="2" errors="0" failures="0" skipped="0" time="1.519037">
          <testcase name="Assignment with data set &quot;([DateTime, DateTime, 'aliquid', …])&quot;" file="tests/Feature/ModelTest.php::Assignment with data set &quot;([DateTime, DateTime, 'aliquid', …])&quot;" class="Tests\Feature\ModelTest" classname="Tests.Feature.ModelTest" assertions="1" time="1.249980"/>
          <testcase name="Assignment with data set &quot;([DateTime, DateTime, 'accusamus', …])&quot;" file="tests/Feature/ModelTest.php::Assignment with data set &quot;([DateTime, DateTime, 'accusamus', …])&quot;" class="Tests\Feature\ModelTest" classname="Tests.Feature.ModelTest" assertions="1" time="0.269056"/>
        </testsuite>
        <testcase name="Candidate" file="tests/Feature/ModelTest.php::Candidate" class="Tests\Feature\ModelTest" classname="Tests.Feature.ModelTest" assertions="1" time="0.315358"/>
      </testsuite>
      <testsuite name="Tests\Feature\CandidateAPITest" file="tests/Feature/CandidateAPITest.php" tests="3" assertions="9" errors="0" failures="0" skipped="0" time="3.065443">
        <testcase name="See all the candidates who have their assignment who expired" file="tests/Feature/CandidateAPITest.php::See all the candidates who have their assignment who expired" class="Tests\Feature\CandidateAPITest" classname="Tests.Feature.CandidateAPITest" assertions="3" time="0.849604"/>
        <testcase name="Delete one candidate" file="tests/Feature/CandidateAPITest.php::Delete one candidate" class="Tests\Feature\CandidateAPITest" classname="Tests.Feature.CandidateAPITest" assertions="3" time="0.946931"/>
        <testcase name="See all the candidates and their assignments" file="tests/Feature/CandidateAPITest.php::See all the candidates and their assignments" class="Tests\Feature\CandidateAPITest" classname="Tests.Feature.CandidateAPITest" assertions="3" time="1.268909"/>
      </testsuite>
    </testsuite>
    <testsuite name="Unit" tests="1" assertions="1" errors="0" failures="0" skipped="0" time="0.113883">
      <testsuite name="Tests\Unit\ExampleTest" file="tests/Unit/ExampleTest.php" tests="1" assertions="1" errors="0" failures="0" skipped="0" time="0.113883">
        <testcase name="that true is true" file="tests/Unit/ExampleTest.php::that true is true" class="Tests\Unit\ExampleTest" classname="Tests.Unit.ExampleTest" assertions="1" time="0.113883"/>
      </testsuite>
    </testsuite>
  </testsuite>
</testsuites>
