<?xml version="1.0" encoding="UTF-8"?>
<testsuites>
  <testsuite name="/home/ubuntu/dev/talent-tracker/phpunit.xml" tests="32" assertions="70" errors="0" failures="0" skipped="0" time="37.880719">
    <testsuite name="Feature" tests="31" assertions="69" errors="0" failures="0" skipped="0" time="37.586137">
      <testsuite name="Tests\Feature\MissionAPITest" file="tests/Feature/MissionAPITest.php" tests="14" assertions="30" errors="0" failures="0" skipped="0" time="10.607743">
        <testsuite name="Tests\Feature\MissionAPITest::__pest_evaluable_Try_create_one_mission_with_wrong_information_" tests="12" assertions="24" errors="0" failures="0" skipped="0" time="9.084466">
          <testcase name="Try create one mission with wrong information with data set &quot;(['2025-09-16T01:55:55.000000Z', '2024-08-27T10:50:38.000000Z', 'ut', …])&quot;" file="tests/Feature/MissionAPITest.php::Try create one mission with wrong information with data set &quot;(['2025-09-16T01:55:55.000000Z', '2024-08-27T10:50:38.000000Z', 'ut', …])&quot;" class="Tests\Feature\MissionAPITest" classname="Tests.Feature.MissionAPITest" assertions="2" time="1.996227"/>
          <testcase name="Try create one mission with wrong information with data set &quot;(['2024-04-26T08:31:58.000000Z', 1, 'sint', …])&quot;" file="tests/Feature/MissionAPITest.php::Try create one mission with wrong information with data set &quot;(['2024-04-26T08:31:58.000000Z', 1, 'sint', …])&quot;" class="Tests\Feature\MissionAPITest" classname="Tests.Feature.MissionAPITest" assertions="2" time="0.381396"/>
          <testcase name="Try create one mission with wrong information with data set &quot;([1, '2025-01-19T20:47:06.000000Z', 'nulla', …])&quot;" file="tests/Feature/MissionAPITest.php::Try create one mission with wrong information with data set &quot;([1, '2025-01-19T20:47:06.000000Z', 'nulla', …])&quot;" class="Tests\Feature\MissionAPITest" classname="Tests.Feature.MissionAPITest" assertions="2" time="0.474577"/>
          <testcase name="Try create one mission with wrong information with data set &quot;(['2024-01-27T19:33:52.000000Z', '2024-11-20T00:07:21.000000Z', 1, …])&quot;" file="tests/Feature/MissionAPITest.php::Try create one mission with wrong information with data set &quot;(['2024-01-27T19:33:52.000000Z', '2024-11-20T00:07:21.000000Z', 1, …])&quot;" class="Tests\Feature\MissionAPITest" classname="Tests.Feature.MissionAPITest" assertions="2" time="0.452967"/>
          <testcase name="Try create one mission with wrong information with data set &quot;(['2023-07-26T14:34:21.000000Z', '2024-12-31T20:18:33.000000Z', 'delectus', …])&quot;" file="tests/Feature/MissionAPITest.php::Try create one mission with wrong information with data set &quot;(['2023-07-26T14:34:21.000000Z', '2024-12-31T20:18:33.000000Z', 'delectus', …])&quot;" class="Tests\Feature\MissionAPITest" classname="Tests.Feature.MissionAPITest" assertions="2" time="0.505816"/>
          <testcase name="Try create one mission with wrong information with data set &quot;(['2025-02-20T06:50:11.000000Z', 'nesciunt', 1])&quot;" file="tests/Feature/MissionAPITest.php::Try create one mission with wrong information with data set &quot;(['2025-02-20T06:50:11.000000Z', 'nesciunt', 1])&quot;" class="Tests\Feature\MissionAPITest" classname="Tests.Feature.MissionAPITest" assertions="2" time="0.569992"/>
          <testcase name="Try create one mission with wrong information with data set &quot;(['2023-08-26T05:42:36.000000Z', '2025-02-01T20:24:05.000000Z', 'eligendi', …])&quot;" file="tests/Feature/MissionAPITest.php::Try create one mission with wrong information with data set &quot;(['2023-08-26T05:42:36.000000Z', '2025-02-01T20:24:05.000000Z', 'eligendi', …])&quot;" class="Tests\Feature\MissionAPITest" classname="Tests.Feature.MissionAPITest" assertions="2" time="0.630574"/>
          <testcase name="Try create one mission with wrong information with data set &quot;(['2023-06-02T01:13:05.000000Z', 'quia', 1])&quot;" file="tests/Feature/MissionAPITest.php::Try create one mission with wrong information with data set &quot;(['2023-06-02T01:13:05.000000Z', 'quia', 1])&quot;" class="Tests\Feature\MissionAPITest" classname="Tests.Feature.MissionAPITest" assertions="2" time="0.738449"/>
          <testcase name="Try create one mission with wrong information with data set &quot;(['2023-06-03T13:09:59.000000Z', '2024-06-21T16:42:42.000000Z', 1])&quot;" file="tests/Feature/MissionAPITest.php::Try create one mission with wrong information with data set &quot;(['2023-06-03T13:09:59.000000Z', '2024-06-21T16:42:42.000000Z', 1])&quot;" class="Tests\Feature\MissionAPITest" classname="Tests.Feature.MissionAPITest" assertions="2" time="0.798556"/>
          <testcase name="Try create one mission with wrong information with data set &quot;(['2024-02-24T09:25:00.000000Z', '2025-01-17T03:52:53.000000Z', 'magni', …])&quot;" file="tests/Feature/MissionAPITest.php::Try create one mission with wrong information with data set &quot;(['2024-02-24T09:25:00.000000Z', '2025-01-17T03:52:53.000000Z', 'magni', …])&quot;" class="Tests\Feature\MissionAPITest" classname="Tests.Feature.MissionAPITest" assertions="2" time="0.784610"/>
          <testcase name="Try create one mission with wrong information with data set &quot;(['2023-12-26T08:22:15.000000Z', '2023-12-01T02:23:34.000000Z', 'perspiciatis', …])&quot;" file="tests/Feature/MissionAPITest.php::Try create one mission with wrong information with data set &quot;(['2023-12-26T08:22:15.000000Z', '2023-12-01T02:23:34.000000Z', 'perspiciatis', …])&quot;" class="Tests\Feature\MissionAPITest" classname="Tests.Feature.MissionAPITest" assertions="2" time="0.866739"/>
          <testcase name="Try create one mission with wrong information with data set &quot;(['2024-03-15T03:51:05.000000Z', '2024-06-05T06:48:10.000000Z', 'iure'])&quot;" file="tests/Feature/MissionAPITest.php::Try create one mission with wrong information with data set &quot;(['2024-03-15T03:51:05.000000Z', '2024-06-05T06:48:10.000000Z', 'iure'])&quot;" class="Tests\Feature\MissionAPITest" classname="Tests.Feature.MissionAPITest" assertions="2" time="0.884564"/>
        </testsuite>
        <testsuite name="Tests\Feature\MissionAPITest::__pest_evaluable_Create_one_mission_" tests="2" assertions="6" errors="0" failures="0" skipped="0" time="1.523277">
          <testcase name="Create one mission with data set &quot;(['2024-03-20T17:17:27.000000Z', '2024-10-08T05:37:43.000000Z', 'consequatur', …])&quot;" file="tests/Feature/MissionAPITest.php::Create one mission with data set &quot;(['2024-03-20T17:17:27.000000Z', '2024-10-08T05:37:43.000000Z', 'consequatur', …])&quot;" class="Tests\Feature\MissionAPITest" classname="Tests.Feature.MissionAPITest" assertions="3" time="0.842303"/>
          <testcase name="Create one mission with data set &quot;(['2024-03-29T16:16:55.000000Z', '2025-05-21T20:00:02.000000Z', 'velit', …])&quot;" file="tests/Feature/MissionAPITest.php::Create one mission with data set &quot;(['2024-03-29T16:16:55.000000Z', '2025-05-21T20:00:02.000000Z', 'velit', …])&quot;" class="Tests\Feature\MissionAPITest" classname="Tests.Feature.MissionAPITest" assertions="3" time="0.680973"/>
        </testsuite>
      </testsuite>
      <testsuite name="Tests\Feature\CandidateAPITest" file="tests/Feature/CandidateAPITest.php" tests="14" assertions="36" errors="0" failures="0" skipped="0" time="21.633096">
        <testcase name="Try delete a candidate with negative id" file="tests/Feature/CandidateAPITest.php::Try delete a candidate with negative id" class="Tests\Feature\CandidateAPITest" classname="Tests.Feature.CandidateAPITest" assertions="2" time="1.099432"/>
        <testsuite name="Tests\Feature\CandidateAPITest::__pest_evaluable_Try_create_one_candidate_with_wrong_information_" tests="7" assertions="14" errors="0" failures="0" skipped="0" time="9.024124">
          <testcase name="Try create one candidate with wrong information with data set &quot;([1, 'Ezra DuBuque MD'])&quot;" file="tests/Feature/CandidateAPITest.php::Try create one candidate with wrong information with data set &quot;([1, 'Ezra DuBuque MD'])&quot;" class="Tests\Feature\CandidateAPITest" classname="Tests.Feature.CandidateAPITest" assertions="2" time="1.041407"/>
          <testcase name="Try create one candidate with wrong information with data set &quot;(['01234567890123456789012345678…456789', 'Mr. Justen Reynolds'])&quot;" file="tests/Feature/CandidateAPITest.php::Try create one candidate with wrong information with data set &quot;(['01234567890123456789012345678…456789', 'Mr. Justen Reynolds'])&quot;" class="Tests\Feature\CandidateAPITest" classname="Tests.Feature.CandidateAPITest" assertions="2" time="1.132442"/>
          <testcase name="Try create one candidate with wrong information with data set &quot;([[], 'Mr. Jamar Koelpin'])&quot;" file="tests/Feature/CandidateAPITest.php::Try create one candidate with wrong information with data set &quot;([[], 'Mr. Jamar Koelpin'])&quot;" class="Tests\Feature\CandidateAPITest" classname="Tests.Feature.CandidateAPITest" assertions="2" time="1.229649"/>
          <testcase name="Try create one candidate with wrong information with data set &quot;([])&quot;" file="tests/Feature/CandidateAPITest.php::Try create one candidate with wrong information with data set &quot;([])&quot;" class="Tests\Feature\CandidateAPITest" classname="Tests.Feature.CandidateAPITest" assertions="2" time="1.356367"/>
          <testcase name="Try create one candidate with wrong information with data set &quot;(['Sarai', '01234567890123456789012345678…456789'])&quot;" file="tests/Feature/CandidateAPITest.php::Try create one candidate with wrong information with data set &quot;(['Sarai', '01234567890123456789012345678…456789'])&quot;" class="Tests\Feature\CandidateAPITest" classname="Tests.Feature.CandidateAPITest" assertions="2" time="1.385708"/>
          <testcase name="Try create one candidate with wrong information with data set &quot;(['Sarai', []])&quot;" file="tests/Feature/CandidateAPITest.php::Try create one candidate with wrong information with data set &quot;(['Sarai', []])&quot;" class="Tests\Feature\CandidateAPITest" classname="Tests.Feature.CandidateAPITest" assertions="2" time="1.408797"/>
          <testcase name="Try create one candidate with wrong information with data set &quot;(['Graham', 1])&quot;" file="tests/Feature/CandidateAPITest.php::Try create one candidate with wrong information with data set &quot;(['Graham', 1])&quot;" class="Tests\Feature\CandidateAPITest" classname="Tests.Feature.CandidateAPITest" assertions="2" time="1.469754"/>
        </testsuite>
        <testcase name="Modify one candidate" file="tests/Feature/CandidateAPITest.php::Modify one candidate" class="Tests\Feature\CandidateAPITest" classname="Tests.Feature.CandidateAPITest" assertions="3" time="1.624720"/>
        <testcase name="Create one candidate" file="tests/Feature/CandidateAPITest.php::Create one candidate" class="Tests\Feature\CandidateAPITest" classname="Tests.Feature.CandidateAPITest" assertions="3" time="1.772901"/>
        <testcase name="Delete one candidate" file="tests/Feature/CandidateAPITest.php::Delete one candidate" class="Tests\Feature\CandidateAPITest" classname="Tests.Feature.CandidateAPITest" assertions="4" time="1.887402"/>
        <testcase name="See all the candidates who have their mission who expired" file="tests/Feature/CandidateAPITest.php::See all the candidates who have their mission who expired" class="Tests\Feature\CandidateAPITest" classname="Tests.Feature.CandidateAPITest" assertions="3" time="2.097009"/>
        <testcase name="See all the candidates and their missions" file="tests/Feature/CandidateAPITest.php::See all the candidates and their missions" class="Tests\Feature\CandidateAPITest" classname="Tests.Feature.CandidateAPITest" assertions="4" time="2.105652"/>
        <testcase name="Try modify one candidate with negative id" file="tests/Feature/CandidateAPITest.php::Try modify one candidate with negative id" class="Tests\Feature\CandidateAPITest" classname="Tests.Feature.CandidateAPITest" assertions="3" time="2.021856"/>
      </testsuite>
      <testsuite name="Tests\Feature\ModelTest" file="tests/Feature/ModelTest.php" tests="3" assertions="3" errors="0" failures="0" skipped="0" time="5.345298">
        <testsuite name="Tests\Feature\ModelTest::__pest_evaluable_Mission_" tests="2" assertions="2" errors="0" failures="0" skipped="0" time="3.744529">
          <testcase name="Mission with data set &quot;(['2024-02-04T08:48:33.000000Z', '2025-02-19T02:01:51.000000Z', 'quidem', …])&quot;" file="tests/Feature/ModelTest.php::Mission with data set &quot;(['2024-02-04T08:48:33.000000Z', '2025-02-19T02:01:51.000000Z', 'quidem', …])&quot;" class="Tests\Feature\ModelTest" classname="Tests.Feature.ModelTest" assertions="1" time="2.147720"/>
          <testcase name="Mission with data set &quot;(['2024-02-22T03:46:05.000000Z', '2024-09-28T09:50:26.000000Z', 'nihil', …])&quot;" file="tests/Feature/ModelTest.php::Mission with data set &quot;(['2024-02-22T03:46:05.000000Z', '2024-09-28T09:50:26.000000Z', 'nihil', …])&quot;" class="Tests\Feature\ModelTest" classname="Tests.Feature.ModelTest" assertions="1" time="1.596809"/>
        </testsuite>
        <testcase name="Candidate" file="tests/Feature/ModelTest.php::Candidate" class="Tests\Feature\ModelTest" classname="Tests.Feature.ModelTest" assertions="1" time="1.600769"/>
      </testsuite>
    </testsuite>
    <testsuite name="Unit" tests="1" assertions="1" errors="0" failures="0" skipped="0" time="0.294582">
      <testsuite name="Tests\Unit\ExampleTest" file="tests/Unit/ExampleTest.php" tests="1" assertions="1" errors="0" failures="0" skipped="0" time="0.294582">
        <testcase name="that true is true" file="tests/Unit/ExampleTest.php::that true is true" class="Tests\Unit\ExampleTest" classname="Tests.Unit.ExampleTest" assertions="1" time="0.294582"/>
      </testsuite>
    </testsuite>
  </testsuite>
</testsuites>
