<?xml version="1.0" encoding="UTF-8"?>
<testsuites>
  <testsuite name="/home/ubuntu/dev/talent-tracker/phpunit.xml" tests="43" assertions="97" errors="0" failures="0" skipped="0" time="2.591285">
    <testsuite name="Unit" tests="1" assertions="1" errors="0" failures="0" skipped="0" time="0.013021">
      <testsuite name="Tests\Unit\ExampleTest" file="tests/Unit/ExampleTest.php" tests="1" assertions="1" errors="0" failures="0" skipped="0" time="0.013021">
        <testcase name="that true is true" file="tests/Unit/ExampleTest.php::that true is true" class="Tests\Unit\ExampleTest" classname="Tests.Unit.ExampleTest" assertions="1" time="0.013021"/>
      </testsuite>
    </testsuite>
    <testsuite name="Feature" tests="42" assertions="96" errors="0" failures="0" skipped="0" time="2.578264">
      <testsuite name="Tests\Feature\MissionAPITest" file="tests/Feature/MissionAPITest.php" tests="18" assertions="42" errors="0" failures="0" skipped="0" time="1.233359">
        <testcase name="Modify one mission" file="tests/Feature/MissionAPITest.php::Modify one mission" class="Tests\Feature\MissionAPITest" classname="Tests.Feature.MissionAPITest" assertions="4" time="0.364312"/>
        <testsuite name="Tests\Feature\MissionAPITest::__pest_evaluable_Create_one_mission_" tests="2" assertions="6" errors="0" failures="0" skipped="0" time="0.117934">
          <testcase name="Create one mission with data set &quot;(['2023/06/26', '2024/12/07', 'inventore', …])&quot;" file="tests/Feature/MissionAPITest.php::Create one mission with data set &quot;(['2023/06/26', '2024/12/07', 'inventore', …])&quot;" class="Tests\Feature\MissionAPITest" classname="Tests.Feature.MissionAPITest" assertions="3" time="0.060759"/>
          <testcase name="Create one mission with data set &quot;(['2023/06/15', '2025/03/14', 'error', …])&quot;" file="tests/Feature/MissionAPITest.php::Create one mission with data set &quot;(['2023/06/15', '2025/03/14', 'error', …])&quot;" class="Tests\Feature\MissionAPITest" classname="Tests.Feature.MissionAPITest" assertions="3" time="0.057175"/>
        </testsuite>
        <testcase name="Delete one mission" file="tests/Feature/MissionAPITest.php::Delete one mission" class="Tests\Feature\MissionAPITest" classname="Tests.Feature.MissionAPITest" assertions="3" time="0.058337"/>
        <testsuite name="Tests\Feature\MissionAPITest::__pest_evaluable_Try_create_one_mission_with_wrong_information_" tests="12" assertions="24" errors="0" failures="0" skipped="0" time="0.597550">
          <testcase name="Try create one mission with wrong information with data set &quot;(['2024/09/07', 'temporibus', 1])&quot;" file="tests/Feature/MissionAPITest.php::Try create one mission with wrong information with data set &quot;(['2024/09/07', 'temporibus', 1])&quot;" class="Tests\Feature\MissionAPITest" classname="Tests.Feature.MissionAPITest" assertions="2" time="0.048726"/>
          <testcase name="Try create one mission with wrong information with data set &quot;([1, '2025/02/13', 'autem', …])&quot;" file="tests/Feature/MissionAPITest.php::Try create one mission with wrong information with data set &quot;([1, '2025/02/13', 'autem', …])&quot;" class="Tests\Feature\MissionAPITest" classname="Tests.Feature.MissionAPITest" assertions="2" time="0.048960"/>
          <testcase name="Try create one mission with wrong information with data set &quot;(['2024/03/20', '2023/03/24', 'at', …])&quot;" file="tests/Feature/MissionAPITest.php::Try create one mission with wrong information with data set &quot;(['2024/03/20', '2023/03/24', 'at', …])&quot;" class="Tests\Feature\MissionAPITest" classname="Tests.Feature.MissionAPITest" assertions="2" time="0.049741"/>
          <testcase name="Try create one mission with wrong information with data set &quot;(['2023/11/15', '2025/04/13', 'voluptatem', …])&quot;" file="tests/Feature/MissionAPITest.php::Try create one mission with wrong information with data set &quot;(['2023/11/15', '2025/04/13', 'voluptatem', …])&quot;" class="Tests\Feature\MissionAPITest" classname="Tests.Feature.MissionAPITest" assertions="2" time="0.045519"/>
          <testcase name="Try create one mission with wrong information with data set &quot;(['2023/11/11', '2025/03/18', 1])&quot;" file="tests/Feature/MissionAPITest.php::Try create one mission with wrong information with data set &quot;(['2023/11/11', '2025/03/18', 1])&quot;" class="Tests\Feature\MissionAPITest" classname="Tests.Feature.MissionAPITest" assertions="2" time="0.043399"/>
          <testcase name="Try create one mission with wrong information with data set &quot;(['2023/10/03', '2025/02/18', 'praesentium', …])&quot;" file="tests/Feature/MissionAPITest.php::Try create one mission with wrong information with data set &quot;(['2023/10/03', '2025/02/18', 'praesentium', …])&quot;" class="Tests\Feature\MissionAPITest" classname="Tests.Feature.MissionAPITest" assertions="2" time="0.052016"/>
          <testcase name="Try create one mission with wrong information with data set &quot;(['2025/01/10', '2024/09/04', 'ut', …])&quot;" file="tests/Feature/MissionAPITest.php::Try create one mission with wrong information with data set &quot;(['2025/01/10', '2024/09/04', 'ut', …])&quot;" class="Tests\Feature\MissionAPITest" classname="Tests.Feature.MissionAPITest" assertions="2" time="0.057185"/>
          <testcase name="Try create one mission with wrong information with data set &quot;(['2023/06/29', 'soluta', 1])&quot;" file="tests/Feature/MissionAPITest.php::Try create one mission with wrong information with data set &quot;(['2023/06/29', 'soluta', 1])&quot;" class="Tests\Feature\MissionAPITest" classname="Tests.Feature.MissionAPITest" assertions="2" time="0.049287"/>
          <testcase name="Try create one mission with wrong information with data set &quot;(['2024/01/25', '2024/09/11', 'quia', …])&quot;" file="tests/Feature/MissionAPITest.php::Try create one mission with wrong information with data set &quot;(['2024/01/25', '2024/09/11', 'quia', …])&quot;" class="Tests\Feature\MissionAPITest" classname="Tests.Feature.MissionAPITest" assertions="2" time="0.050563"/>
          <testcase name="Try create one mission with wrong information with data set &quot;(['2023/07/29', '2024/08/12', 'animi'])&quot;" file="tests/Feature/MissionAPITest.php::Try create one mission with wrong information with data set &quot;(['2023/07/29', '2024/08/12', 'animi'])&quot;" class="Tests\Feature\MissionAPITest" classname="Tests.Feature.MissionAPITest" assertions="2" time="0.057581"/>
          <testcase name="Try create one mission with wrong information with data set &quot;(['2023/06/19', 1, 'ab', …])&quot;" file="tests/Feature/MissionAPITest.php::Try create one mission with wrong information with data set &quot;(['2023/06/19', 1, 'ab', …])&quot;" class="Tests\Feature\MissionAPITest" classname="Tests.Feature.MissionAPITest" assertions="2" time="0.049516"/>
          <testcase name="Try create one mission with wrong information with data set &quot;(['2023/07/12', '2025/04/13', 1, …])&quot;" file="tests/Feature/MissionAPITest.php::Try create one mission with wrong information with data set &quot;(['2023/07/12', '2025/04/13', 1, …])&quot;" class="Tests\Feature\MissionAPITest" classname="Tests.Feature.MissionAPITest" assertions="2" time="0.045058"/>
        </testsuite>
        <testcase name="Try delete a candidate with negative id" file="tests/Feature/MissionAPITest.php::Try delete a candidate with negative id" class="Tests\Feature\MissionAPITest" classname="Tests.Feature.MissionAPITest" assertions="2" time="0.044379"/>
        <testcase name="Try modify one mission with negative id" file="tests/Feature/MissionAPITest.php::Try modify one mission with negative id" class="Tests\Feature\MissionAPITest" classname="Tests.Feature.MissionAPITest" assertions="3" time="0.050848"/>
      </testsuite>
      <testsuite name="Tests\Feature\ModelTest" file="tests/Feature/ModelTest.php" tests="3" assertions="3" errors="0" failures="0" skipped="0" time="0.135412">
        <testsuite name="Tests\Feature\ModelTest::__pest_evaluable_Mission_" tests="2" assertions="2" errors="0" failures="0" skipped="0" time="0.101278">
          <testcase name="Mission with data set &quot;(['2023/11/01', '2024/11/26', 'explicabo', …])&quot;" file="tests/Feature/ModelTest.php::Mission with data set &quot;(['2023/11/01', '2024/11/26', 'explicabo', …])&quot;" class="Tests\Feature\ModelTest" classname="Tests.Feature.ModelTest" assertions="1" time="0.066596"/>
          <testcase name="Mission with data set &quot;(['2024/05/03', '2025/02/14', 'magnam', …])&quot;" file="tests/Feature/ModelTest.php::Mission with data set &quot;(['2024/05/03', '2025/02/14', 'magnam', …])&quot;" class="Tests\Feature\ModelTest" classname="Tests.Feature.ModelTest" assertions="1" time="0.034683"/>
        </testsuite>
        <testcase name="Candidate" file="tests/Feature/ModelTest.php::Candidate" class="Tests\Feature\ModelTest" classname="Tests.Feature.ModelTest" assertions="1" time="0.034134"/>
      </testsuite>
      <testsuite name="Tests\Feature\CandidateAPITest" file="tests/Feature/CandidateAPITest.php" tests="21" assertions="51" errors="0" failures="0" skipped="0" time="1.209494">
        <testcase name="Create one candidate" file="tests/Feature/CandidateAPITest.php::Create one candidate" class="Tests\Feature\CandidateAPITest" classname="Tests.Feature.CandidateAPITest" assertions="3" time="0.056024"/>
        <testsuite name="Tests\Feature\CandidateAPITest::__pest_evaluable_Try_create_one_candidate_with_wrong_information_" tests="7" assertions="14" errors="0" failures="0" skipped="0" time="0.363299">
          <testcase name="Try create one candidate with wrong information with data set &quot;(['Sandrine', []])&quot;" file="tests/Feature/CandidateAPITest.php::Try create one candidate with wrong information with data set &quot;(['Sandrine', []])&quot;" class="Tests\Feature\CandidateAPITest" classname="Tests.Feature.CandidateAPITest" assertions="2" time="0.054532"/>
          <testcase name="Try create one candidate with wrong information with data set &quot;(['Blaze', 1])&quot;" file="tests/Feature/CandidateAPITest.php::Try create one candidate with wrong information with data set &quot;(['Blaze', 1])&quot;" class="Tests\Feature\CandidateAPITest" classname="Tests.Feature.CandidateAPITest" assertions="2" time="0.053260"/>
          <testcase name="Try create one candidate with wrong information with data set &quot;(['01234567890123456789012345678…456789', 'Janet Labadie DVM'])&quot;" file="tests/Feature/CandidateAPITest.php::Try create one candidate with wrong information with data set &quot;(['01234567890123456789012345678…456789', 'Janet Labadie DVM'])&quot;" class="Tests\Feature\CandidateAPITest" classname="Tests.Feature.CandidateAPITest" assertions="2" time="0.052323"/>
          <testcase name="Try create one candidate with wrong information with data set &quot;([[], 'Zander Price DDS'])&quot;" file="tests/Feature/CandidateAPITest.php::Try create one candidate with wrong information with data set &quot;([[], 'Zander Price DDS'])&quot;" class="Tests\Feature\CandidateAPITest" classname="Tests.Feature.CandidateAPITest" assertions="2" time="0.049809"/>
          <testcase name="Try create one candidate with wrong information with data set &quot;([])&quot;" file="tests/Feature/CandidateAPITest.php::Try create one candidate with wrong information with data set &quot;([])&quot;" class="Tests\Feature\CandidateAPITest" classname="Tests.Feature.CandidateAPITest" assertions="2" time="0.052573"/>
          <testcase name="Try create one candidate with wrong information with data set &quot;([1, 'Christina Greenholt'])&quot;" file="tests/Feature/CandidateAPITest.php::Try create one candidate with wrong information with data set &quot;([1, 'Christina Greenholt'])&quot;" class="Tests\Feature\CandidateAPITest" classname="Tests.Feature.CandidateAPITest" assertions="2" time="0.053950"/>
          <testcase name="Try create one candidate with wrong information with data set &quot;(['Guido', '01234567890123456789012345678…456789'])&quot;" file="tests/Feature/CandidateAPITest.php::Try create one candidate with wrong information with data set &quot;(['Guido', '01234567890123456789012345678…456789'])&quot;" class="Tests\Feature\CandidateAPITest" classname="Tests.Feature.CandidateAPITest" assertions="2" time="0.046853"/>
        </testsuite>
        <testcase name="See all the candidates who have their mission who expired" file="tests/Feature/CandidateAPITest.php::See all the candidates who have their mission who expired" class="Tests\Feature\CandidateAPITest" classname="Tests.Feature.CandidateAPITest" assertions="3" time="0.054652"/>
        <testcase name="Try modify one candidate with negative id" file="tests/Feature/CandidateAPITest.php::Try modify one candidate with negative id" class="Tests\Feature\CandidateAPITest" classname="Tests.Feature.CandidateAPITest" assertions="3" time="0.080699"/>
        <testsuite name="Tests\Feature\CandidateAPITest::__pest_evaluable_Try_modify_one_candidate_with_wrong_information_" tests="7" assertions="14" errors="0" failures="0" skipped="0" time="0.407932">
          <testcase name="Try modify one candidate with wrong information with data set &quot;([[], 'Prof. Jonathon Breitenberg DVM'])&quot;" file="tests/Feature/CandidateAPITest.php::Try modify one candidate with wrong information with data set &quot;([[], 'Prof. Jonathon Breitenberg DVM'])&quot;" class="Tests\Feature\CandidateAPITest" classname="Tests.Feature.CandidateAPITest" assertions="2" time="0.069967"/>
          <testcase name="Try modify one candidate with wrong information with data set &quot;(['Jerrold', []])&quot;" file="tests/Feature/CandidateAPITest.php::Try modify one candidate with wrong information with data set &quot;(['Jerrold', []])&quot;" class="Tests\Feature\CandidateAPITest" classname="Tests.Feature.CandidateAPITest" assertions="2" time="0.049417"/>
          <testcase name="Try modify one candidate with wrong information with data set &quot;([])&quot;" file="tests/Feature/CandidateAPITest.php::Try modify one candidate with wrong information with data set &quot;([])&quot;" class="Tests\Feature\CandidateAPITest" classname="Tests.Feature.CandidateAPITest" assertions="2" time="0.049507"/>
          <testcase name="Try modify one candidate with wrong information with data set &quot;([1, 'Cathy Parisian'])&quot;" file="tests/Feature/CandidateAPITest.php::Try modify one candidate with wrong information with data set &quot;([1, 'Cathy Parisian'])&quot;" class="Tests\Feature\CandidateAPITest" classname="Tests.Feature.CandidateAPITest" assertions="2" time="0.050193"/>
          <testcase name="Try modify one candidate with wrong information with data set &quot;(['01234567890123456789012345678…456789', 'Elnora Considine'])&quot;" file="tests/Feature/CandidateAPITest.php::Try modify one candidate with wrong information with data set &quot;(['01234567890123456789012345678…456789', 'Elnora Considine'])&quot;" class="Tests\Feature\CandidateAPITest" classname="Tests.Feature.CandidateAPITest" assertions="2" time="0.053723"/>
          <testcase name="Try modify one candidate with wrong information with data set &quot;(['Dena', 1])&quot;" file="tests/Feature/CandidateAPITest.php::Try modify one candidate with wrong information with data set &quot;(['Dena', 1])&quot;" class="Tests\Feature\CandidateAPITest" classname="Tests.Feature.CandidateAPITest" assertions="2" time="0.072912"/>
          <testcase name="Try modify one candidate with wrong information with data set &quot;(['Art', '01234567890123456789012345678…456789'])&quot;" file="tests/Feature/CandidateAPITest.php::Try modify one candidate with wrong information with data set &quot;(['Art', '01234567890123456789012345678…456789'])&quot;" class="Tests\Feature\CandidateAPITest" classname="Tests.Feature.CandidateAPITest" assertions="2" time="0.062212"/>
        </testsuite>
        <testcase name="Modify one candidate" file="tests/Feature/CandidateAPITest.php::Modify one candidate" class="Tests\Feature\CandidateAPITest" classname="Tests.Feature.CandidateAPITest" assertions="4" time="0.068979"/>
        <testcase name="Delete one candidate" file="tests/Feature/CandidateAPITest.php::Delete one candidate" class="Tests\Feature\CandidateAPITest" classname="Tests.Feature.CandidateAPITest" assertions="4" time="0.069495"/>
        <testcase name="See all the candidates and their missions" file="tests/Feature/CandidateAPITest.php::See all the candidates and their missions" class="Tests\Feature\CandidateAPITest" classname="Tests.Feature.CandidateAPITest" assertions="4" time="0.058181"/>
        <testcase name="Try delete a candidate with negative id" file="tests/Feature/CandidateAPITest.php::Try delete a candidate with negative id" class="Tests\Feature\CandidateAPITest" classname="Tests.Feature.CandidateAPITest" assertions="2" time="0.050233"/>
      </testsuite>
    </testsuite>
  </testsuite>
</testsuites>
