<?xml version="1.0" encoding="UTF-8"?>
<testsuites>
  <testsuite name="/home/ubuntu/dev/talent-tracker/phpunit.xml" tests="50" assertions="111" errors="0" failures="0" skipped="0" time="2.986641">
    <testsuite name="Feature" tests="49" assertions="110" errors="0" failures="0" skipped="0" time="2.935638">
      <testsuite name="Tests\Feature\ModelTest" file="tests/Feature/ModelTest.php" tests="3" assertions="3" errors="0" failures="0" skipped="0" time="0.356141">
        <testsuite name="Tests\Feature\ModelTest::__pest_evaluable_Mission_" tests="2" assertions="2" errors="0" failures="0" skipped="0" time="0.313598">
          <testcase name="Mission with data set &quot;(['2024-03-17', '2024-11-28', 'neque', …])&quot;" file="tests/Feature/ModelTest.php::Mission with data set &quot;(['2024-03-17', '2024-11-28', 'neque', …])&quot;" class="Tests\Feature\ModelTest" classname="Tests.Feature.ModelTest" assertions="1" time="0.280370"/>
          <testcase name="Mission with data set &quot;(['2024-01-01', '2024-11-13', 'ex', …])&quot;" file="tests/Feature/ModelTest.php::Mission with data set &quot;(['2024-01-01', '2024-11-13', 'ex', …])&quot;" class="Tests\Feature\ModelTest" classname="Tests.Feature.ModelTest" assertions="1" time="0.033229"/>
        </testsuite>
        <testcase name="Candidate" file="tests/Feature/ModelTest.php::Candidate" class="Tests\Feature\ModelTest" classname="Tests.Feature.ModelTest" assertions="1" time="0.042543"/>
      </testsuite>
      <testsuite name="Tests\Feature\MissionAPITest" file="tests/Feature/MissionAPITest.php" tests="19" assertions="44" errors="0" failures="0" skipped="0" time="1.035611">
        <testcase name="Modify one mission" file="tests/Feature/MissionAPITest.php::Modify one mission" class="Tests\Feature\MissionAPITest" classname="Tests.Feature.MissionAPITest" assertions="4" time="0.078566"/>
        <testcase name="Delete one mission" file="tests/Feature/MissionAPITest.php::Delete one mission" class="Tests\Feature\MissionAPITest" classname="Tests.Feature.MissionAPITest" assertions="3" time="0.049259"/>
        <testsuite name="Tests\Feature\MissionAPITest::__pest_evaluable_Try_create_one_mission_with_wrong_information_" tests="13" assertions="26" errors="0" failures="0" skipped="0" time="0.683471">
          <testcase name="Try create one mission with wrong information with data set &quot;(['2023-06-16', '2024-11-25', 1, …])&quot;" file="tests/Feature/MissionAPITest.php::Try create one mission with wrong information with data set &quot;(['2023-06-16', '2024-11-25', 1, …])&quot;" class="Tests\Feature\MissionAPITest" classname="Tests.Feature.MissionAPITest" assertions="2" time="0.068669"/>
          <testcase name="Try create one mission with wrong information with data set &quot;(['2024-01-29', '2024-08-09', 'rerum', …])&quot;" file="tests/Feature/MissionAPITest.php::Try create one mission with wrong information with data set &quot;(['2024-01-29', '2024-08-09', 'rerum', …])&quot;" class="Tests\Feature\MissionAPITest" classname="Tests.Feature.MissionAPITest" assertions="2" time="0.050899"/>
          <testcase name="Try create one mission with wrong information with data set &quot;(['2024/03/26', '2025/02/05', 'facilis', …])&quot;" file="tests/Feature/MissionAPITest.php::Try create one mission with wrong information with data set &quot;(['2024/03/26', '2025/02/05', 'facilis', …])&quot;" class="Tests\Feature\MissionAPITest" classname="Tests.Feature.MissionAPITest" assertions="2" time="0.059507"/>
          <testcase name="Try create one mission with wrong information with data set &quot;(['2025-03-26', 'ea', 1])&quot;" file="tests/Feature/MissionAPITest.php::Try create one mission with wrong information with data set &quot;(['2025-03-26', 'ea', 1])&quot;" class="Tests\Feature\MissionAPITest" classname="Tests.Feature.MissionAPITest" assertions="2" time="0.048100"/>
          <testcase name="Try create one mission with wrong information with data set &quot;([1, '2024-06-29', 'corrupti', …])&quot;" file="tests/Feature/MissionAPITest.php::Try create one mission with wrong information with data set &quot;([1, '2024-06-29', 'corrupti', …])&quot;" class="Tests\Feature\MissionAPITest" classname="Tests.Feature.MissionAPITest" assertions="2" time="0.045222"/>
          <testcase name="Try create one mission with wrong information with data set &quot;(['2024-01-02', 1, 'impedit', …])&quot;" file="tests/Feature/MissionAPITest.php::Try create one mission with wrong information with data set &quot;(['2024-01-02', 1, 'impedit', …])&quot;" class="Tests\Feature\MissionAPITest" classname="Tests.Feature.MissionAPITest" assertions="2" time="0.049178"/>
          <testcase name="Try create one mission with wrong information with data set &quot;(['2024-03-20', '2024-07-03', 'sequi', …])&quot;" file="tests/Feature/MissionAPITest.php::Try create one mission with wrong information with data set &quot;(['2024-03-20', '2024-07-03', 'sequi', …])&quot;" class="Tests\Feature\MissionAPITest" classname="Tests.Feature.MissionAPITest" assertions="2" time="0.056704"/>
          <testcase name="Try create one mission with wrong information with data set &quot;(['2024-01-21', '2024-11-15', 1])&quot;" file="tests/Feature/MissionAPITest.php::Try create one mission with wrong information with data set &quot;(['2024-01-21', '2024-11-15', 1])&quot;" class="Tests\Feature\MissionAPITest" classname="Tests.Feature.MissionAPITest" assertions="2" time="0.048652"/>
          <testcase name="Try create one mission with wrong information with data set &quot;(['2023-07-24', '2024-07-23', 'qui', …])&quot;" file="tests/Feature/MissionAPITest.php::Try create one mission with wrong information with data set &quot;(['2023-07-24', '2024-07-23', 'qui', …])&quot;" class="Tests\Feature\MissionAPITest" classname="Tests.Feature.MissionAPITest" assertions="2" time="0.047516"/>
          <testcase name="Try create one mission with wrong information with data set &quot;(['2023-07-27', 'iusto', 1])&quot;" file="tests/Feature/MissionAPITest.php::Try create one mission with wrong information with data set &quot;(['2023-07-27', 'iusto', 1])&quot;" class="Tests\Feature\MissionAPITest" classname="Tests.Feature.MissionAPITest" assertions="2" time="0.048603"/>
          <testcase name="Try create one mission with wrong information with data set &quot;(['2024-06-06', '2024-11-13', 'quas', …])&quot;" file="tests/Feature/MissionAPITest.php::Try create one mission with wrong information with data set &quot;(['2024-06-06', '2024-11-13', 'quas', …])&quot;" class="Tests\Feature\MissionAPITest" classname="Tests.Feature.MissionAPITest" assertions="2" time="0.057120"/>
          <testcase name="Try create one mission with wrong information with data set &quot;(['2023-12-26', '2024-10-20', 'sequi'])&quot;" file="tests/Feature/MissionAPITest.php::Try create one mission with wrong information with data set &quot;(['2023-12-26', '2024-10-20', 'sequi'])&quot;" class="Tests\Feature\MissionAPITest" classname="Tests.Feature.MissionAPITest" assertions="2" time="0.051466"/>
          <testcase name="Try create one mission with wrong information with data set &quot;(['2023-11-20', '2022-09-22', 'necessitatibus', …])&quot;" file="tests/Feature/MissionAPITest.php::Try create one mission with wrong information with data set &quot;(['2023-11-20', '2022-09-22', 'necessitatibus', …])&quot;" class="Tests\Feature\MissionAPITest" classname="Tests.Feature.MissionAPITest" assertions="2" time="0.051836"/>
        </testsuite>
        <testcase name="Try modify one mission with negative id" file="tests/Feature/MissionAPITest.php::Try modify one mission with negative id" class="Tests\Feature\MissionAPITest" classname="Tests.Feature.MissionAPITest" assertions="3" time="0.048884"/>
        <testcase name="Try delete a candidate with negative id" file="tests/Feature/MissionAPITest.php::Try delete a candidate with negative id" class="Tests\Feature\MissionAPITest" classname="Tests.Feature.MissionAPITest" assertions="2" time="0.060626"/>
        <testsuite name="Tests\Feature\MissionAPITest::__pest_evaluable_Create_one_mission_" tests="2" assertions="6" errors="0" failures="0" skipped="0" time="0.114806">
          <testcase name="Create one mission with data set &quot;(['2023-07-23', '2024-08-26', 'ipsam', …])&quot;" file="tests/Feature/MissionAPITest.php::Create one mission with data set &quot;(['2023-07-23', '2024-08-26', 'ipsam', …])&quot;" class="Tests\Feature\MissionAPITest" classname="Tests.Feature.MissionAPITest" assertions="3" time="0.061961"/>
          <testcase name="Create one mission with data set &quot;(['2023-10-13', '2024-06-16', 'asperiores', …])&quot;" file="tests/Feature/MissionAPITest.php::Create one mission with data set &quot;(['2023-10-13', '2024-06-16', 'asperiores', …])&quot;" class="Tests\Feature\MissionAPITest" classname="Tests.Feature.MissionAPITest" assertions="3" time="0.052845"/>
        </testsuite>
      </testsuite>
      <testsuite name="Tests\Feature\CandidateAPITest" file="tests/Feature/CandidateAPITest.php" tests="27" assertions="63" errors="0" failures="0" skipped="0" time="1.543885">
        <testsuite name="Tests\Feature\CandidateAPITest::__pest_evaluable_Try_modify_one_candidate_with_wrong_information_" tests="10" assertions="20" errors="0" failures="0" skipped="0" time="0.639545">
          <testcase name="Try modify one candidate with wrong information with data set &quot;(['01234567890123456789012345678…456789', 'Crawford Koss'])&quot;" file="tests/Feature/CandidateAPITest.php::Try modify one candidate with wrong information with data set &quot;(['01234567890123456789012345678…456789', 'Crawford Koss'])&quot;" class="Tests\Feature\CandidateAPITest" classname="Tests.Feature.CandidateAPITest" assertions="2" time="0.091238"/>
          <testcase name="Try modify one candidate with wrong information with data set &quot;(['Magdalena'])&quot;" file="tests/Feature/CandidateAPITest.php::Try modify one candidate with wrong information with data set &quot;(['Magdalena'])&quot;" class="Tests\Feature\CandidateAPITest" classname="Tests.Feature.CandidateAPITest" assertions="2" time="0.060967"/>
          <testcase name="Try modify one candidate with wrong information with data set &quot;(['Merritt'])&quot;" file="tests/Feature/CandidateAPITest.php::Try modify one candidate with wrong information with data set &quot;(['Merritt'])&quot;" class="Tests\Feature\CandidateAPITest" classname="Tests.Feature.CandidateAPITest" assertions="2" time="0.053668"/>
          <testcase name="Try modify one candidate with wrong information with data set &quot;(['Brandy', 1])&quot;" file="tests/Feature/CandidateAPITest.php::Try modify one candidate with wrong information with data set &quot;(['Brandy', 1])&quot;" class="Tests\Feature\CandidateAPITest" classname="Tests.Feature.CandidateAPITest" assertions="2" time="0.052304"/>
          <testcase name="Try modify one candidate with wrong information with data set &quot;(['Vito', []])&quot;" file="tests/Feature/CandidateAPITest.php::Try modify one candidate with wrong information with data set &quot;(['Vito', []])&quot;" class="Tests\Feature\CandidateAPITest" classname="Tests.Feature.CandidateAPITest" assertions="2" time="0.073826"/>
          <testcase name="Try modify one candidate with wrong information with data set &quot;(['Kasey', '01234567890123456789012345678…456789'])&quot;" file="tests/Feature/CandidateAPITest.php::Try modify one candidate with wrong information with data set &quot;(['Kasey', '01234567890123456789012345678…456789'])&quot;" class="Tests\Feature\CandidateAPITest" classname="Tests.Feature.CandidateAPITest" assertions="2" time="0.086142"/>
          <testcase name="Try modify one candidate with wrong information with data set &quot;([[], 'Tyree Eichmann'])&quot;" file="tests/Feature/CandidateAPITest.php::Try modify one candidate with wrong information with data set &quot;([[], 'Tyree Eichmann'])&quot;" class="Tests\Feature\CandidateAPITest" classname="Tests.Feature.CandidateAPITest" assertions="2" time="0.072619"/>
          <testcase name="Try modify one candidate with wrong information with data set &quot;(['Chadd Zboncak'])&quot;" file="tests/Feature/CandidateAPITest.php::Try modify one candidate with wrong information with data set &quot;(['Chadd Zboncak'])&quot;" class="Tests\Feature\CandidateAPITest" classname="Tests.Feature.CandidateAPITest" assertions="2" time="0.053138"/>
          <testcase name="Try modify one candidate with wrong information with data set &quot;([1, 'Phyllis Ankunding'])&quot;" file="tests/Feature/CandidateAPITest.php::Try modify one candidate with wrong information with data set &quot;([1, 'Phyllis Ankunding'])&quot;" class="Tests\Feature\CandidateAPITest" classname="Tests.Feature.CandidateAPITest" assertions="2" time="0.048230"/>
          <testcase name="Try modify one candidate with wrong information with data set &quot;([])&quot;" file="tests/Feature/CandidateAPITest.php::Try modify one candidate with wrong information with data set &quot;([])&quot;" class="Tests\Feature\CandidateAPITest" classname="Tests.Feature.CandidateAPITest" assertions="2" time="0.047414"/>
        </testsuite>
        <testcase name="Try delete a candidate with negative id" file="tests/Feature/CandidateAPITest.php::Try delete a candidate with negative id" class="Tests\Feature\CandidateAPITest" classname="Tests.Feature.CandidateAPITest" assertions="2" time="0.052020"/>
        <testcase name="Modify one candidate" file="tests/Feature/CandidateAPITest.php::Modify one candidate" class="Tests\Feature\CandidateAPITest" classname="Tests.Feature.CandidateAPITest" assertions="4" time="0.075267"/>
        <testcase name="Try modify one candidate with negative id" file="tests/Feature/CandidateAPITest.php::Try modify one candidate with negative id" class="Tests\Feature\CandidateAPITest" classname="Tests.Feature.CandidateAPITest" assertions="3" time="0.060269"/>
        <testcase name="See all the candidates and their missions" file="tests/Feature/CandidateAPITest.php::See all the candidates and their missions" class="Tests\Feature\CandidateAPITest" classname="Tests.Feature.CandidateAPITest" assertions="4" time="0.059336"/>
        <testsuite name="Tests\Feature\CandidateAPITest::__pest_evaluable_Try_create_one_candidate_with_wrong_information_" tests="10" assertions="20" errors="0" failures="0" skipped="0" time="0.501054">
          <testcase name="Try create one candidate with wrong information with data set &quot;([])&quot;" file="tests/Feature/CandidateAPITest.php::Try create one candidate with wrong information with data set &quot;([])&quot;" class="Tests\Feature\CandidateAPITest" classname="Tests.Feature.CandidateAPITest" assertions="2" time="0.054081"/>
          <testcase name="Try create one candidate with wrong information with data set &quot;([1, 'Mr. Judd Ruecker'])&quot;" file="tests/Feature/CandidateAPITest.php::Try create one candidate with wrong information with data set &quot;([1, 'Mr. Judd Ruecker'])&quot;" class="Tests\Feature\CandidateAPITest" classname="Tests.Feature.CandidateAPITest" assertions="2" time="0.046911"/>
          <testcase name="Try create one candidate with wrong information with data set &quot;(['Lemuel'])&quot;" file="tests/Feature/CandidateAPITest.php::Try create one candidate with wrong information with data set &quot;(['Lemuel'])&quot;" class="Tests\Feature\CandidateAPITest" classname="Tests.Feature.CandidateAPITest" assertions="2" time="0.043894"/>
          <testcase name="Try create one candidate with wrong information with data set &quot;(['Zoey', '01234567890123456789012345678…456789'])&quot;" file="tests/Feature/CandidateAPITest.php::Try create one candidate with wrong information with data set &quot;(['Zoey', '01234567890123456789012345678…456789'])&quot;" class="Tests\Feature\CandidateAPITest" classname="Tests.Feature.CandidateAPITest" assertions="2" time="0.046864"/>
          <testcase name="Try create one candidate with wrong information with data set &quot;(['01234567890123456789012345678…456789', 'Jarrett Bogan V'])&quot;" file="tests/Feature/CandidateAPITest.php::Try create one candidate with wrong information with data set &quot;(['01234567890123456789012345678…456789', 'Jarrett Bogan V'])&quot;" class="Tests\Feature\CandidateAPITest" classname="Tests.Feature.CandidateAPITest" assertions="2" time="0.046837"/>
          <testcase name="Try create one candidate with wrong information with data set &quot;(['Margie Klein'])&quot;" file="tests/Feature/CandidateAPITest.php::Try create one candidate with wrong information with data set &quot;(['Margie Klein'])&quot;" class="Tests\Feature\CandidateAPITest" classname="Tests.Feature.CandidateAPITest" assertions="2" time="0.050215"/>
          <testcase name="Try create one candidate with wrong information with data set &quot;([[], 'Melody Abernathy'])&quot;" file="tests/Feature/CandidateAPITest.php::Try create one candidate with wrong information with data set &quot;([[], 'Melody Abernathy'])&quot;" class="Tests\Feature\CandidateAPITest" classname="Tests.Feature.CandidateAPITest" assertions="2" time="0.050132"/>
          <testcase name="Try create one candidate with wrong information with data set &quot;(['Earnestine'])&quot;" file="tests/Feature/CandidateAPITest.php::Try create one candidate with wrong information with data set &quot;(['Earnestine'])&quot;" class="Tests\Feature\CandidateAPITest" classname="Tests.Feature.CandidateAPITest" assertions="2" time="0.059008"/>
          <testcase name="Try create one candidate with wrong information with data set &quot;(['Cortney', 1])&quot;" file="tests/Feature/CandidateAPITest.php::Try create one candidate with wrong information with data set &quot;(['Cortney', 1])&quot;" class="Tests\Feature\CandidateAPITest" classname="Tests.Feature.CandidateAPITest" assertions="2" time="0.049553"/>
          <testcase name="Try create one candidate with wrong information with data set &quot;(['Mertie', []])&quot;" file="tests/Feature/CandidateAPITest.php::Try create one candidate with wrong information with data set &quot;(['Mertie', []])&quot;" class="Tests\Feature\CandidateAPITest" classname="Tests.Feature.CandidateAPITest" assertions="2" time="0.053559"/>
        </testsuite>
        <testcase name="Delete one candidate" file="tests/Feature/CandidateAPITest.php::Delete one candidate" class="Tests\Feature\CandidateAPITest" classname="Tests.Feature.CandidateAPITest" assertions="4" time="0.053000"/>
        <testcase name="Create one candidate" file="tests/Feature/CandidateAPITest.php::Create one candidate" class="Tests\Feature\CandidateAPITest" classname="Tests.Feature.CandidateAPITest" assertions="3" time="0.048861"/>
        <testcase name="See all the candidates who have their mission who expired" file="tests/Feature/CandidateAPITest.php::See all the candidates who have their mission who expired" class="Tests\Feature\CandidateAPITest" classname="Tests.Feature.CandidateAPITest" assertions="3" time="0.054533"/>
      </testsuite>
    </testsuite>
    <testsuite name="Unit" tests="1" assertions="1" errors="0" failures="0" skipped="0" time="0.051003">
      <testsuite name="Tests\Unit\ExampleTest" file="tests/Unit/ExampleTest.php" tests="1" assertions="1" errors="0" failures="0" skipped="0" time="0.051003">
        <testcase name="that true is true" file="tests/Unit/ExampleTest.php::that true is true" class="Tests\Unit\ExampleTest" classname="Tests.Unit.ExampleTest" assertions="1" time="0.051003"/>
      </testsuite>
    </testsuite>
  </testsuite>
</testsuites>
