<?xml version="1.0" encoding="UTF-8"?>
<testsuites>
  <testsuite name="/home/ubuntu/dev/talent-tracker/phpunit.xml" tests="40" assertions="87" errors="0" failures="0" skipped="0" time="2.147842">
    <testsuite name="Unit" tests="1" assertions="1" errors="0" failures="0" skipped="0" time="0.011927">
      <testsuite name="Tests\Unit\ExampleTest" file="tests/Unit/ExampleTest.php" tests="1" assertions="1" errors="0" failures="0" skipped="0" time="0.011927">
        <testcase name="that true is true" file="tests/Unit/ExampleTest.php::that true is true" class="Tests\Unit\ExampleTest" classname="Tests.Unit.ExampleTest" assertions="1" time="0.011927"/>
      </testsuite>
    </testsuite>
    <testsuite name="Feature" tests="39" assertions="86" errors="0" failures="0" skipped="0" time="2.135916">
      <testsuite name="Tests\Feature\CandidateAPITest" file="tests/Feature/CandidateAPITest.php" tests="21" assertions="50" errors="0" failures="0" skipped="0" time="1.283939">
        <testcase name="See all the candidates who have their mission who expired" file="tests/Feature/CandidateAPITest.php::See all the candidates who have their mission who expired" class="Tests\Feature\CandidateAPITest" classname="Tests.Feature.CandidateAPITest" assertions="3" time="0.298924"/>
        <testsuite name="Tests\Feature\CandidateAPITest::__pest_evaluable_Try_modify_one_candidate_with_wrong_information_" tests="7" assertions="14" errors="0" failures="0" skipped="0" time="0.336674">
          <testcase name="Try modify one candidate with wrong information with data set &quot;([])&quot;" file="tests/Feature/CandidateAPITest.php::Try modify one candidate with wrong information with data set &quot;([])&quot;" class="Tests\Feature\CandidateAPITest" classname="Tests.Feature.CandidateAPITest" assertions="2" time="0.053645"/>
          <testcase name="Try modify one candidate with wrong information with data set &quot;(['01234567890123456789012345678…456789', 'Mr. Carmel Wunsch'])&quot;" file="tests/Feature/CandidateAPITest.php::Try modify one candidate with wrong information with data set &quot;(['01234567890123456789012345678…456789', 'Mr. Carmel Wunsch'])&quot;" class="Tests\Feature\CandidateAPITest" classname="Tests.Feature.CandidateAPITest" assertions="2" time="0.052598"/>
          <testcase name="Try modify one candidate with wrong information with data set &quot;([1, 'Weldon Jenkins'])&quot;" file="tests/Feature/CandidateAPITest.php::Try modify one candidate with wrong information with data set &quot;([1, 'Weldon Jenkins'])&quot;" class="Tests\Feature\CandidateAPITest" classname="Tests.Feature.CandidateAPITest" assertions="2" time="0.047175"/>
          <testcase name="Try modify one candidate with wrong information with data set &quot;([[], 'Maybelle Schinner'])&quot;" file="tests/Feature/CandidateAPITest.php::Try modify one candidate with wrong information with data set &quot;([[], 'Maybelle Schinner'])&quot;" class="Tests\Feature\CandidateAPITest" classname="Tests.Feature.CandidateAPITest" assertions="2" time="0.046605"/>
          <testcase name="Try modify one candidate with wrong information with data set &quot;(['Claudie', []])&quot;" file="tests/Feature/CandidateAPITest.php::Try modify one candidate with wrong information with data set &quot;(['Claudie', []])&quot;" class="Tests\Feature\CandidateAPITest" classname="Tests.Feature.CandidateAPITest" assertions="2" time="0.043446"/>
          <testcase name="Try modify one candidate with wrong information with data set &quot;(['Leta', 1])&quot;" file="tests/Feature/CandidateAPITest.php::Try modify one candidate with wrong information with data set &quot;(['Leta', 1])&quot;" class="Tests\Feature\CandidateAPITest" classname="Tests.Feature.CandidateAPITest" assertions="2" time="0.046469"/>
          <testcase name="Try modify one candidate with wrong information with data set &quot;(['Josefa', '01234567890123456789012345678…456789'])&quot;" file="tests/Feature/CandidateAPITest.php::Try modify one candidate with wrong information with data set &quot;(['Josefa', '01234567890123456789012345678…456789'])&quot;" class="Tests\Feature\CandidateAPITest" classname="Tests.Feature.CandidateAPITest" assertions="2" time="0.046736"/>
        </testsuite>
        <testcase name="Create one candidate" file="tests/Feature/CandidateAPITest.php::Create one candidate" class="Tests\Feature\CandidateAPITest" classname="Tests.Feature.CandidateAPITest" assertions="3" time="0.049835"/>
        <testcase name="Modify one candidate" file="tests/Feature/CandidateAPITest.php::Modify one candidate" class="Tests\Feature\CandidateAPITest" classname="Tests.Feature.CandidateAPITest" assertions="3" time="0.048866"/>
        <testcase name="Try modify one candidate with negative id" file="tests/Feature/CandidateAPITest.php::Try modify one candidate with negative id" class="Tests\Feature\CandidateAPITest" classname="Tests.Feature.CandidateAPITest" assertions="3" time="0.053250"/>
        <testsuite name="Tests\Feature\CandidateAPITest::__pest_evaluable_Try_create_one_candidate_with_wrong_information_" tests="7" assertions="14" errors="0" failures="0" skipped="0" time="0.348607">
          <testcase name="Try create one candidate with wrong information with data set &quot;(['Linnea', 1])&quot;" file="tests/Feature/CandidateAPITest.php::Try create one candidate with wrong information with data set &quot;(['Linnea', 1])&quot;" class="Tests\Feature\CandidateAPITest" classname="Tests.Feature.CandidateAPITest" assertions="2" time="0.050043"/>
          <testcase name="Try create one candidate with wrong information with data set &quot;([[], 'Ms. Pasquale Price Jr.'])&quot;" file="tests/Feature/CandidateAPITest.php::Try create one candidate with wrong information with data set &quot;([[], 'Ms. Pasquale Price Jr.'])&quot;" class="Tests\Feature\CandidateAPITest" classname="Tests.Feature.CandidateAPITest" assertions="2" time="0.050554"/>
          <testcase name="Try create one candidate with wrong information with data set &quot;(['Yasmeen', []])&quot;" file="tests/Feature/CandidateAPITest.php::Try create one candidate with wrong information with data set &quot;(['Yasmeen', []])&quot;" class="Tests\Feature\CandidateAPITest" classname="Tests.Feature.CandidateAPITest" assertions="2" time="0.056727"/>
          <testcase name="Try create one candidate with wrong information with data set &quot;([])&quot;" file="tests/Feature/CandidateAPITest.php::Try create one candidate with wrong information with data set &quot;([])&quot;" class="Tests\Feature\CandidateAPITest" classname="Tests.Feature.CandidateAPITest" assertions="2" time="0.048214"/>
          <testcase name="Try create one candidate with wrong information with data set &quot;(['Gaetano', '01234567890123456789012345678…456789'])&quot;" file="tests/Feature/CandidateAPITest.php::Try create one candidate with wrong information with data set &quot;(['Gaetano', '01234567890123456789012345678…456789'])&quot;" class="Tests\Feature\CandidateAPITest" classname="Tests.Feature.CandidateAPITest" assertions="2" time="0.049208"/>
          <testcase name="Try create one candidate with wrong information with data set &quot;(['01234567890123456789012345678…456789', 'Mr. Dewitt Feest'])&quot;" file="tests/Feature/CandidateAPITest.php::Try create one candidate with wrong information with data set &quot;(['01234567890123456789012345678…456789', 'Mr. Dewitt Feest'])&quot;" class="Tests\Feature\CandidateAPITest" classname="Tests.Feature.CandidateAPITest" assertions="2" time="0.046203"/>
          <testcase name="Try create one candidate with wrong information with data set &quot;([1, 'Ms. Laila Greenholt PhD'])&quot;" file="tests/Feature/CandidateAPITest.php::Try create one candidate with wrong information with data set &quot;([1, 'Ms. Laila Greenholt PhD'])&quot;" class="Tests\Feature\CandidateAPITest" classname="Tests.Feature.CandidateAPITest" assertions="2" time="0.047658"/>
        </testsuite>
        <testcase name="Delete one candidate" file="tests/Feature/CandidateAPITest.php::Delete one candidate" class="Tests\Feature\CandidateAPITest" classname="Tests.Feature.CandidateAPITest" assertions="4" time="0.052120"/>
        <testcase name="See all the candidates and their missions" file="tests/Feature/CandidateAPITest.php::See all the candidates and their missions" class="Tests\Feature\CandidateAPITest" classname="Tests.Feature.CandidateAPITest" assertions="4" time="0.049033"/>
        <testcase name="Try delete a candidate with negative id" file="tests/Feature/CandidateAPITest.php::Try delete a candidate with negative id" class="Tests\Feature\CandidateAPITest" classname="Tests.Feature.CandidateAPITest" assertions="2" time="0.046629"/>
      </testsuite>
      <testsuite name="Tests\Feature\MissionAPITest" file="tests/Feature/MissionAPITest.php" tests="15" assertions="33" errors="0" failures="0" skipped="0" time="0.704149">
        <testsuite name="Tests\Feature\MissionAPITest::__pest_evaluable_Try_create_one_mission_with_wrong_information_" tests="12" assertions="24" errors="0" failures="0" skipped="0" time="0.554483">
          <testcase name="Try create one mission with wrong information with data set &quot;(['2025-05-31T06:49:13.000000Z', '2024-11-13T04:02:26.000000Z', 'minus', …])&quot;" file="tests/Feature/MissionAPITest.php::Try create one mission with wrong information with data set &quot;(['2025-05-31T06:49:13.000000Z', '2024-11-13T04:02:26.000000Z', 'minus', …])&quot;" class="Tests\Feature\MissionAPITest" classname="Tests.Feature.MissionAPITest" assertions="2" time="0.084312"/>
          <testcase name="Try create one mission with wrong information with data set &quot;(['2024-05-11T14:13:35.000000Z', '2025-03-07T11:12:13.000000Z', 'nihil', …])&quot;" file="tests/Feature/MissionAPITest.php::Try create one mission with wrong information with data set &quot;(['2024-05-11T14:13:35.000000Z', '2025-03-07T11:12:13.000000Z', 'nihil', …])&quot;" class="Tests\Feature\MissionAPITest" classname="Tests.Feature.MissionAPITest" assertions="2" time="0.046566"/>
          <testcase name="Try create one mission with wrong information with data set &quot;(['2024-05-26T13:30:32.000000Z', '2023-02-19T02:22:01.000000Z', 'ullam', …])&quot;" file="tests/Feature/MissionAPITest.php::Try create one mission with wrong information with data set &quot;(['2024-05-26T13:30:32.000000Z', '2023-02-19T02:22:01.000000Z', 'ullam', …])&quot;" class="Tests\Feature\MissionAPITest" classname="Tests.Feature.MissionAPITest" assertions="2" time="0.043649"/>
          <testcase name="Try create one mission with wrong information with data set &quot;(['2023-10-18T02:38:26.000000Z', '2024-12-20T03:01:58.000000Z', 'eum', …])&quot;" file="tests/Feature/MissionAPITest.php::Try create one mission with wrong information with data set &quot;(['2023-10-18T02:38:26.000000Z', '2024-12-20T03:01:58.000000Z', 'eum', …])&quot;" class="Tests\Feature\MissionAPITest" classname="Tests.Feature.MissionAPITest" assertions="2" time="0.047920"/>
          <testcase name="Try create one mission with wrong information with data set &quot;(['2023-08-26T18:06:39.000000Z', 1, 'et', …])&quot;" file="tests/Feature/MissionAPITest.php::Try create one mission with wrong information with data set &quot;(['2023-08-26T18:06:39.000000Z', 1, 'et', …])&quot;" class="Tests\Feature\MissionAPITest" classname="Tests.Feature.MissionAPITest" assertions="2" time="0.040736"/>
          <testcase name="Try create one mission with wrong information with data set &quot;(['2023-08-16T11:33:39.000000Z', '2025-04-25T16:06:44.000000Z', 'veritatis', …])&quot;" file="tests/Feature/MissionAPITest.php::Try create one mission with wrong information with data set &quot;(['2023-08-16T11:33:39.000000Z', '2025-04-25T16:06:44.000000Z', 'veritatis', …])&quot;" class="Tests\Feature\MissionAPITest" classname="Tests.Feature.MissionAPITest" assertions="2" time="0.040673"/>
          <testcase name="Try create one mission with wrong information with data set &quot;(['2024-12-28T08:46:39.000000Z', 'omnis', 1])&quot;" file="tests/Feature/MissionAPITest.php::Try create one mission with wrong information with data set &quot;(['2024-12-28T08:46:39.000000Z', 'omnis', 1])&quot;" class="Tests\Feature\MissionAPITest" classname="Tests.Feature.MissionAPITest" assertions="2" time="0.038293"/>
          <testcase name="Try create one mission with wrong information with data set &quot;([1, '2024-07-31T20:24:12.000000Z', 'est', …])&quot;" file="tests/Feature/MissionAPITest.php::Try create one mission with wrong information with data set &quot;([1, '2024-07-31T20:24:12.000000Z', 'est', …])&quot;" class="Tests\Feature\MissionAPITest" classname="Tests.Feature.MissionAPITest" assertions="2" time="0.039192"/>
          <testcase name="Try create one mission with wrong information with data set &quot;(['2024-01-02T08:33:47.000000Z', '2024-08-28T21:29:54.000000Z', 1, …])&quot;" file="tests/Feature/MissionAPITest.php::Try create one mission with wrong information with data set &quot;(['2024-01-02T08:33:47.000000Z', '2024-08-28T21:29:54.000000Z', 1, …])&quot;" class="Tests\Feature\MissionAPITest" classname="Tests.Feature.MissionAPITest" assertions="2" time="0.035423"/>
          <testcase name="Try create one mission with wrong information with data set &quot;(['2024-03-18T09:36:00.000000Z', 'delectus', 1])&quot;" file="tests/Feature/MissionAPITest.php::Try create one mission with wrong information with data set &quot;(['2024-03-18T09:36:00.000000Z', 'delectus', 1])&quot;" class="Tests\Feature\MissionAPITest" classname="Tests.Feature.MissionAPITest" assertions="2" time="0.036142"/>
          <testcase name="Try create one mission with wrong information with data set &quot;(['2024-01-05T11:22:49.000000Z', '2024-08-12T11:24:00.000000Z', 'dolor'])&quot;" file="tests/Feature/MissionAPITest.php::Try create one mission with wrong information with data set &quot;(['2024-01-05T11:22:49.000000Z', '2024-08-12T11:24:00.000000Z', 'dolor'])&quot;" class="Tests\Feature\MissionAPITest" classname="Tests.Feature.MissionAPITest" assertions="2" time="0.041118"/>
          <testcase name="Try create one mission with wrong information with data set &quot;(['2024-04-08T19:38:29.000000Z', '2024-09-06T02:42:22.000000Z', 1])&quot;" file="tests/Feature/MissionAPITest.php::Try create one mission with wrong information with data set &quot;(['2024-04-08T19:38:29.000000Z', '2024-09-06T02:42:22.000000Z', 1])&quot;" class="Tests\Feature\MissionAPITest" classname="Tests.Feature.MissionAPITest" assertions="2" time="0.060458"/>
        </testsuite>
        <testsuite name="Tests\Feature\MissionAPITest::__pest_evaluable_Create_one_mission_" tests="2" assertions="6" errors="0" failures="0" skipped="0" time="0.104047">
          <testcase name="Create one mission with data set &quot;(['2024-02-28T04:05:58.000000Z', '2025-04-18T03:30:47.000000Z', 'minus', …])&quot;" file="tests/Feature/MissionAPITest.php::Create one mission with data set &quot;(['2024-02-28T04:05:58.000000Z', '2025-04-18T03:30:47.000000Z', 'minus', …])&quot;" class="Tests\Feature\MissionAPITest" classname="Tests.Feature.MissionAPITest" assertions="3" time="0.045891"/>
          <testcase name="Create one mission with data set &quot;(['2024-03-08T00:19:34.000000Z', '2025-05-21T23:39:23.000000Z', 'sapiente', …])&quot;" file="tests/Feature/MissionAPITest.php::Create one mission with data set &quot;(['2024-03-08T00:19:34.000000Z', '2025-05-21T23:39:23.000000Z', 'sapiente', …])&quot;" class="Tests\Feature\MissionAPITest" classname="Tests.Feature.MissionAPITest" assertions="3" time="0.058156"/>
        </testsuite>
        <testcase name="Delete one mission" file="tests/Feature/MissionAPITest.php::Delete one mission" class="Tests\Feature\MissionAPITest" classname="Tests.Feature.MissionAPITest" assertions="3" time="0.045619"/>
      </testsuite>
      <testsuite name="Tests\Feature\ModelTest" file="tests/Feature/ModelTest.php" tests="3" assertions="3" errors="0" failures="0" skipped="0" time="0.147827">
        <testsuite name="Tests\Feature\ModelTest::__pest_evaluable_Mission_" tests="2" assertions="2" errors="0" failures="0" skipped="0" time="0.113129">
          <testcase name="Mission with data set &quot;(['2024-02-14T11:09:43.000000Z', '2025-02-12T16:22:35.000000Z', 'dolor', …])&quot;" file="tests/Feature/ModelTest.php::Mission with data set &quot;(['2024-02-14T11:09:43.000000Z', '2025-02-12T16:22:35.000000Z', 'dolor', …])&quot;" class="Tests\Feature\ModelTest" classname="Tests.Feature.ModelTest" assertions="1" time="0.075127"/>
          <testcase name="Mission with data set &quot;(['2024-04-18T15:26:37.000000Z', '2024-12-03T06:38:48.000000Z', 'enim', …])&quot;" file="tests/Feature/ModelTest.php::Mission with data set &quot;(['2024-04-18T15:26:37.000000Z', '2024-12-03T06:38:48.000000Z', 'enim', …])&quot;" class="Tests\Feature\ModelTest" classname="Tests.Feature.ModelTest" assertions="1" time="0.038002"/>
        </testsuite>
        <testcase name="Candidate" file="tests/Feature/ModelTest.php::Candidate" class="Tests\Feature\ModelTest" classname="Tests.Feature.ModelTest" assertions="1" time="0.034699"/>
      </testsuite>
    </testsuite>
  </testsuite>
</testsuites>
