<?xml version="1.0" encoding="UTF-8"?>
<testsuites>
  <testsuite name="/home/ubuntu/dev/talent-tracker/phpunit.xml" tests="39" assertions="104" errors="0" failures="0" skipped="0" time="2.457904">
    <testsuite name="Feature" tests="38" assertions="103" errors="0" failures="0" skipped="0" time="2.448452">
      <testsuite name="Tests\Feature\MissionAPITest" file="tests/Feature/MissionAPITest.php" tests="14" assertions="42" errors="0" failures="0" skipped="0" time="1.131116">
        <testcase name="Try delete a mission with negative id" file="tests/Feature/MissionAPITest.php::Try delete a mission with negative id" class="Tests\Feature\MissionAPITest" classname="Tests.Feature.MissionAPITest" assertions="2" time="0.336772"/>
        <testcase name="Modify one mission" file="tests/Feature/MissionAPITest.php::Modify one mission" class="Tests\Feature\MissionAPITest" classname="Tests.Feature.MissionAPITest" assertions="4" time="0.059464"/>
        <testcase name="Delete one mission" file="tests/Feature/MissionAPITest.php::Delete one mission" class="Tests\Feature\MissionAPITest" classname="Tests.Feature.MissionAPITest" assertions="3" time="0.057210"/>
        <testcase name="Try modify one mission with negative id" file="tests/Feature/MissionAPITest.php::Try modify one mission with negative id" class="Tests\Feature\MissionAPITest" classname="Tests.Feature.MissionAPITest" assertions="3" time="0.052927"/>
        <testsuite name="Tests\Feature\MissionAPITest::__pest_evaluable_Try_create_one_mission_" tests="8" assertions="24" errors="0" failures="0" skipped="0" time="0.518671">
          <testcase name="Try create one mission with data set &quot;(['2023/11/16', '2024-06-19', 'magni', …])&quot;" file="tests/Feature/MissionAPITest.php::Try create one mission with data set &quot;(['2023/11/16', '2024-06-19', 'magni', …])&quot;" class="Tests\Feature\MissionAPITest" classname="Tests.Feature.MissionAPITest" assertions="3" time="0.067916"/>
          <testcase name="Try create one mission with data set &quot;(['2023-10-19', '2024-09-01', 1, …])&quot;" file="tests/Feature/MissionAPITest.php::Try create one mission with data set &quot;(['2023-10-19', '2024-09-01', 1, …])&quot;" class="Tests\Feature\MissionAPITest" classname="Tests.Feature.MissionAPITest" assertions="3" time="0.075964"/>
          <testcase name="Try create one mission with data set &quot;([1, '2024-06-28', 'debitis', …])&quot;" file="tests/Feature/MissionAPITest.php::Try create one mission with data set &quot;([1, '2024-06-28', 'debitis', …])&quot;" class="Tests\Feature\MissionAPITest" classname="Tests.Feature.MissionAPITest" assertions="3" time="0.078856"/>
          <testcase name="Try create one mission with data set &quot;(['2023-12-05', '2025/04/04', 'molestiae', …])&quot;" file="tests/Feature/MissionAPITest.php::Try create one mission with data set &quot;(['2023-12-05', '2025/04/04', 'molestiae', …])&quot;" class="Tests\Feature\MissionAPITest" classname="Tests.Feature.MissionAPITest" assertions="3" time="0.060503"/>
          <testcase name="Try create one mission with data set &quot;(['2024-09-15', 'omnis', 1])&quot;" file="tests/Feature/MissionAPITest.php::Try create one mission with data set &quot;(['2024-09-15', 'omnis', 1])&quot;" class="Tests\Feature\MissionAPITest" classname="Tests.Feature.MissionAPITest" assertions="3" time="0.075259"/>
          <testcase name="Try create one mission with data set &quot;(['2023-10-30', '2024-12-12', 1, …])&quot;" file="tests/Feature/MissionAPITest.php::Try create one mission with data set &quot;(['2023-10-30', '2024-12-12', 1, …])&quot;" class="Tests\Feature\MissionAPITest" classname="Tests.Feature.MissionAPITest" assertions="3" time="0.055038"/>
          <testcase name="Try create one mission with data set &quot;(['2024-01-11', 'est', 1])&quot;" file="tests/Feature/MissionAPITest.php::Try create one mission with data set &quot;(['2024-01-11', 'est', 1])&quot;" class="Tests\Feature\MissionAPITest" classname="Tests.Feature.MissionAPITest" assertions="3" time="0.048550"/>
          <testcase name="Try create one mission with data set &quot;(['2023-10-30', 1, 'est', …])&quot;" file="tests/Feature/MissionAPITest.php::Try create one mission with data set &quot;(['2023-10-30', 1, 'est', …])&quot;" class="Tests\Feature\MissionAPITest" classname="Tests.Feature.MissionAPITest" assertions="3" time="0.056584"/>
        </testsuite>
        <testsuite name="Tests\Feature\MissionAPITest::__pest_evaluable_Create_one_mission_" tests="2" assertions="6" errors="0" failures="0" skipped="0" time="0.106072">
          <testcase name="Create one mission with data set &quot;(['2023-10-03', '2025-01-20', 'in', …])&quot;" file="tests/Feature/MissionAPITest.php::Create one mission with data set &quot;(['2023-10-03', '2025-01-20', 'in', …])&quot;" class="Tests\Feature\MissionAPITest" classname="Tests.Feature.MissionAPITest" assertions="3" time="0.048320"/>
          <testcase name="Create one mission with data set &quot;(['2024-02-06', '2025-03-27', 'eligendi', …])&quot;" file="tests/Feature/MissionAPITest.php::Create one mission with data set &quot;(['2024-02-06', '2025-03-27', 'eligendi', …])&quot;" class="Tests\Feature\MissionAPITest" classname="Tests.Feature.MissionAPITest" assertions="3" time="0.057752"/>
        </testsuite>
      </testsuite>
      <testsuite name="Tests\Feature\CandidateAPITest" file="tests/Feature/CandidateAPITest.php" tests="21" assertions="58" errors="0" failures="0" skipped="0" time="1.162149">
        <testcase name="See all the candidates and their missions" file="tests/Feature/CandidateAPITest.php::See all the candidates and their missions" class="Tests\Feature\CandidateAPITest" classname="Tests.Feature.CandidateAPITest" assertions="4" time="0.111804"/>
        <testsuite name="Tests\Feature\CandidateAPITest::__pest_evaluable_Try_create_one_candidate_with_wrong_information_" tests="7" assertions="21" errors="0" failures="0" skipped="0" time="0.366367">
          <testcase name="Try create one candidate with wrong information with data set &quot;(['Uriah'])&quot;" file="tests/Feature/CandidateAPITest.php::Try create one candidate with wrong information with data set &quot;(['Uriah'])&quot;" class="Tests\Feature\CandidateAPITest" classname="Tests.Feature.CandidateAPITest" assertions="3" time="0.055912"/>
          <testcase name="Try create one candidate with wrong information with data set &quot;(['Robbie', '01234567890123456789012345678…456789'])&quot;" file="tests/Feature/CandidateAPITest.php::Try create one candidate with wrong information with data set &quot;(['Robbie', '01234567890123456789012345678…456789'])&quot;" class="Tests\Feature\CandidateAPITest" classname="Tests.Feature.CandidateAPITest" assertions="3" time="0.050815"/>
          <testcase name="Try create one candidate with wrong information with data set &quot;(['Claire Johnson'])&quot;" file="tests/Feature/CandidateAPITest.php::Try create one candidate with wrong information with data set &quot;(['Claire Johnson'])&quot;" class="Tests\Feature\CandidateAPITest" classname="Tests.Feature.CandidateAPITest" assertions="3" time="0.055480"/>
          <testcase name="Try create one candidate with wrong information with data set &quot;(['01234567890123456789012345678…456789', 'Kailey Langosh'])&quot;" file="tests/Feature/CandidateAPITest.php::Try create one candidate with wrong information with data set &quot;(['01234567890123456789012345678…456789', 'Kailey Langosh'])&quot;" class="Tests\Feature\CandidateAPITest" classname="Tests.Feature.CandidateAPITest" assertions="3" time="0.051170"/>
          <testcase name="Try create one candidate with wrong information with data set &quot;(['Marjory', 1])&quot;" file="tests/Feature/CandidateAPITest.php::Try create one candidate with wrong information with data set &quot;(['Marjory', 1])&quot;" class="Tests\Feature\CandidateAPITest" classname="Tests.Feature.CandidateAPITest" assertions="3" time="0.050374"/>
          <testcase name="Try create one candidate with wrong information with data set &quot;(['Reilly'])&quot;" file="tests/Feature/CandidateAPITest.php::Try create one candidate with wrong information with data set &quot;(['Reilly'])&quot;" class="Tests\Feature\CandidateAPITest" classname="Tests.Feature.CandidateAPITest" assertions="3" time="0.053176"/>
          <testcase name="Try create one candidate with wrong information with data set &quot;([1, 'Theron Blanda'])&quot;" file="tests/Feature/CandidateAPITest.php::Try create one candidate with wrong information with data set &quot;([1, 'Theron Blanda'])&quot;" class="Tests\Feature\CandidateAPITest" classname="Tests.Feature.CandidateAPITest" assertions="3" time="0.049440"/>
        </testsuite>
        <testcase name="Delete one candidate" file="tests/Feature/CandidateAPITest.php::Delete one candidate" class="Tests\Feature\CandidateAPITest" classname="Tests.Feature.CandidateAPITest" assertions="4" time="0.050320"/>
        <testcase name="Create one candidate" file="tests/Feature/CandidateAPITest.php::Create one candidate" class="Tests\Feature\CandidateAPITest" classname="Tests.Feature.CandidateAPITest" assertions="3" time="0.047672"/>
        <testsuite name="Tests\Feature\CandidateAPITest::__pest_evaluable_Try_modify_one_candidate_with_wrong_information_" tests="7" assertions="14" errors="0" failures="0" skipped="0" time="0.359865">
          <testcase name="Try modify one candidate with wrong information with data set &quot;(['Elena', 1])&quot;" file="tests/Feature/CandidateAPITest.php::Try modify one candidate with wrong information with data set &quot;(['Elena', 1])&quot;" class="Tests\Feature\CandidateAPITest" classname="Tests.Feature.CandidateAPITest" assertions="2" time="0.052631"/>
          <testcase name="Try modify one candidate with wrong information with data set &quot;(['Prof. Romaine Murphy'])&quot;" file="tests/Feature/CandidateAPITest.php::Try modify one candidate with wrong information with data set &quot;(['Prof. Romaine Murphy'])&quot;" class="Tests\Feature\CandidateAPITest" classname="Tests.Feature.CandidateAPITest" assertions="2" time="0.073538"/>
          <testcase name="Try modify one candidate with wrong information with data set &quot;(['Cristina', '01234567890123456789012345678…456789'])&quot;" file="tests/Feature/CandidateAPITest.php::Try modify one candidate with wrong information with data set &quot;(['Cristina', '01234567890123456789012345678…456789'])&quot;" class="Tests\Feature\CandidateAPITest" classname="Tests.Feature.CandidateAPITest" assertions="2" time="0.055418"/>
          <testcase name="Try modify one candidate with wrong information with data set &quot;(['Verda'])&quot;" file="tests/Feature/CandidateAPITest.php::Try modify one candidate with wrong information with data set &quot;(['Verda'])&quot;" class="Tests\Feature\CandidateAPITest" classname="Tests.Feature.CandidateAPITest" assertions="2" time="0.043472"/>
          <testcase name="Try modify one candidate with wrong information with data set &quot;(['Kelvin'])&quot;" file="tests/Feature/CandidateAPITest.php::Try modify one candidate with wrong information with data set &quot;(['Kelvin'])&quot;" class="Tests\Feature\CandidateAPITest" classname="Tests.Feature.CandidateAPITest" assertions="2" time="0.045779"/>
          <testcase name="Try modify one candidate with wrong information with data set &quot;([1, 'Travis Mayert III'])&quot;" file="tests/Feature/CandidateAPITest.php::Try modify one candidate with wrong information with data set &quot;([1, 'Travis Mayert III'])&quot;" class="Tests\Feature\CandidateAPITest" classname="Tests.Feature.CandidateAPITest" assertions="2" time="0.044935"/>
          <testcase name="Try modify one candidate with wrong information with data set &quot;(['01234567890123456789012345678…456789', 'Dr. Jeromy Boyle'])&quot;" file="tests/Feature/CandidateAPITest.php::Try modify one candidate with wrong information with data set &quot;(['01234567890123456789012345678…456789', 'Dr. Jeromy Boyle'])&quot;" class="Tests\Feature\CandidateAPITest" classname="Tests.Feature.CandidateAPITest" assertions="2" time="0.044093"/>
        </testsuite>
        <testcase name="Try modify one candidate with negative id" file="tests/Feature/CandidateAPITest.php::Try modify one candidate with negative id" class="Tests\Feature\CandidateAPITest" classname="Tests.Feature.CandidateAPITest" assertions="3" time="0.048874"/>
        <testcase name="See all the candidates who have their mission who expired" file="tests/Feature/CandidateAPITest.php::See all the candidates who have their mission who expired" class="Tests\Feature\CandidateAPITest" classname="Tests.Feature.CandidateAPITest" assertions="3" time="0.054259"/>
        <testcase name="Modify one candidate" file="tests/Feature/CandidateAPITest.php::Modify one candidate" class="Tests\Feature\CandidateAPITest" classname="Tests.Feature.CandidateAPITest" assertions="4" time="0.068216"/>
        <testcase name="Try delete a candidate with negative id" file="tests/Feature/CandidateAPITest.php::Try delete a candidate with negative id" class="Tests\Feature\CandidateAPITest" classname="Tests.Feature.CandidateAPITest" assertions="2" time="0.054772"/>
      </testsuite>
      <testsuite name="Tests\Feature\ModelTest" file="tests/Feature/ModelTest.php" tests="3" assertions="3" errors="0" failures="0" skipped="0" time="0.155187">
        <testcase name="Candidate" file="tests/Feature/ModelTest.php::Candidate" class="Tests\Feature\ModelTest" classname="Tests.Feature.ModelTest" assertions="1" time="0.073633"/>
        <testsuite name="Tests\Feature\ModelTest::__pest_evaluable_Mission_" tests="2" assertions="2" errors="0" failures="0" skipped="0" time="0.081553">
          <testcase name="Mission with data set &quot;(['2023-11-26', '2025-01-29', 'eos', …])&quot;" file="tests/Feature/ModelTest.php::Mission with data set &quot;(['2023-11-26', '2025-01-29', 'eos', …])&quot;" class="Tests\Feature\ModelTest" classname="Tests.Feature.ModelTest" assertions="1" time="0.042223"/>
          <testcase name="Mission with data set &quot;(['2023-10-25', '2024-07-11', 'ea', …])&quot;" file="tests/Feature/ModelTest.php::Mission with data set &quot;(['2023-10-25', '2024-07-11', 'ea', …])&quot;" class="Tests\Feature\ModelTest" classname="Tests.Feature.ModelTest" assertions="1" time="0.039330"/>
        </testsuite>
      </testsuite>
    </testsuite>
    <testsuite name="Unit" tests="1" assertions="1" errors="0" failures="0" skipped="0" time="0.009452">
      <testsuite name="Tests\Unit\ExampleTest" file="tests/Unit/ExampleTest.php" tests="1" assertions="1" errors="0" failures="0" skipped="0" time="0.009452">
        <testcase name="that true is true" file="tests/Unit/ExampleTest.php::that true is true" class="Tests\Unit\ExampleTest" classname="Tests.Unit.ExampleTest" assertions="1" time="0.009452"/>
      </testsuite>
    </testsuite>
  </testsuite>
</testsuites>
