<?xml version="1.0" encoding="UTF-8"?>
<testsuites>
  <testsuite name="/home/ubuntu/dev/talent-tracker/phpunit.xml" tests="2" assertions="2" errors="0" failures="0" skipped="0" time="1.928607">
    <testsuite name="Feature" tests="1" assertions="1" errors="0" failures="0" skipped="0" time="1.869408">
      <testsuite name="Tests\Feature\ModelTest" file="tests/Feature/ModelTest.php" tests="1" assertions="1" errors="0" failures="0" skipped="0" time="1.869408">
        <testcase name="Assignment" file="tests/Feature/ModelTest.php::Assignment" class="Tests\Feature\ModelTest" classname="Tests.Feature.ModelTest" assertions="1" time="1.869408"/>
      </testsuite>
    </testsuite>
    <testsuite name="Unit" tests="1" assertions="1" errors="0" failures="0" skipped="0" time="0.059198">
      <testsuite name="Tests\Unit\ExampleTest" file="tests/Unit/ExampleTest.php" tests="1" assertions="1" errors="0" failures="0" skipped="0" time="0.059198">
        <testcase name="that true is true" file="tests/Unit/ExampleTest.php::that true is true" class="Tests\Unit\ExampleTest" classname="Tests.Unit.ExampleTest" assertions="1" time="0.059198"/>
      </testsuite>
    </testsuite>
  </testsuite>
</testsuites>
