<?xml version="1.0" encoding="UTF-8"?>
<testsuites>
  <testsuite name="/home/ubuntu/dev/talent-tracker/phpunit.xml" tests="42" assertions="94" errors="0" failures="0" skipped="0" time="2.319270">
    <testsuite name="Feature" tests="41" assertions="93" errors="0" failures="0" skipped="0" time="2.284589">
      <testsuite name="Tests\Feature\CandidateAPITest" file="tests/Feature/CandidateAPITest.php" tests="21" assertions="51" errors="0" failures="0" skipped="0" time="1.478236">
        <testcase name="Delete one candidate" file="tests/Feature/CandidateAPITest.php::Delete one candidate" class="Tests\Feature\CandidateAPITest" classname="Tests.Feature.CandidateAPITest" assertions="4" time="0.316586"/>
        <testsuite name="Tests\Feature\CandidateAPITest::__pest_evaluable_Try_create_one_candidate_with_wrong_information_" tests="7" assertions="14" errors="0" failures="0" skipped="0" time="0.450258">
          <testcase name="Try create one candidate with wrong information with data set &quot;(['Lue', []])&quot;" file="tests/Feature/CandidateAPITest.php::Try create one candidate with wrong information with data set &quot;(['Lue', []])&quot;" class="Tests\Feature\CandidateAPITest" classname="Tests.Feature.CandidateAPITest" assertions="2" time="0.055534"/>
          <testcase name="Try create one candidate with wrong information with data set &quot;(['Kali', 1])&quot;" file="tests/Feature/CandidateAPITest.php::Try create one candidate with wrong information with data set &quot;(['Kali', 1])&quot;" class="Tests\Feature\CandidateAPITest" classname="Tests.Feature.CandidateAPITest" assertions="2" time="0.047764"/>
          <testcase name="Try create one candidate with wrong information with data set &quot;(['01234567890123456789012345678…456789', 'Terrell Stamm'])&quot;" file="tests/Feature/CandidateAPITest.php::Try create one candidate with wrong information with data set &quot;(['01234567890123456789012345678…456789', 'Terrell Stamm'])&quot;" class="Tests\Feature\CandidateAPITest" classname="Tests.Feature.CandidateAPITest" assertions="2" time="0.084969"/>
          <testcase name="Try create one candidate with wrong information with data set &quot;([[], 'Mariane Schulist'])&quot;" file="tests/Feature/CandidateAPITest.php::Try create one candidate with wrong information with data set &quot;([[], 'Mariane Schulist'])&quot;" class="Tests\Feature\CandidateAPITest" classname="Tests.Feature.CandidateAPITest" assertions="2" time="0.108274"/>
          <testcase name="Try create one candidate with wrong information with data set &quot;([])&quot;" file="tests/Feature/CandidateAPITest.php::Try create one candidate with wrong information with data set &quot;([])&quot;" class="Tests\Feature\CandidateAPITest" classname="Tests.Feature.CandidateAPITest" assertions="2" time="0.056804"/>
          <testcase name="Try create one candidate with wrong information with data set &quot;(['Mitchel', '01234567890123456789012345678…456789'])&quot;" file="tests/Feature/CandidateAPITest.php::Try create one candidate with wrong information with data set &quot;(['Mitchel', '01234567890123456789012345678…456789'])&quot;" class="Tests\Feature\CandidateAPITest" classname="Tests.Feature.CandidateAPITest" assertions="2" time="0.049507"/>
          <testcase name="Try create one candidate with wrong information with data set &quot;([1, 'Wilma Lowe II'])&quot;" file="tests/Feature/CandidateAPITest.php::Try create one candidate with wrong information with data set &quot;([1, 'Wilma Lowe II'])&quot;" class="Tests\Feature\CandidateAPITest" classname="Tests.Feature.CandidateAPITest" assertions="2" time="0.047407"/>
        </testsuite>
        <testcase name="Try modify one candidate with negative id" file="tests/Feature/CandidateAPITest.php::Try modify one candidate with negative id" class="Tests\Feature\CandidateAPITest" classname="Tests.Feature.CandidateAPITest" assertions="3" time="0.048199"/>
        <testsuite name="Tests\Feature\CandidateAPITest::__pest_evaluable_Try_modify_one_candidate_with_wrong_information_" tests="7" assertions="14" errors="0" failures="0" skipped="0" time="0.321221">
          <testcase name="Try modify one candidate with wrong information with data set &quot;([])&quot;" file="tests/Feature/CandidateAPITest.php::Try modify one candidate with wrong information with data set &quot;([])&quot;" class="Tests\Feature\CandidateAPITest" classname="Tests.Feature.CandidateAPITest" assertions="2" time="0.042989"/>
          <testcase name="Try modify one candidate with wrong information with data set &quot;(['Kristin', []])&quot;" file="tests/Feature/CandidateAPITest.php::Try modify one candidate with wrong information with data set &quot;(['Kristin', []])&quot;" class="Tests\Feature\CandidateAPITest" classname="Tests.Feature.CandidateAPITest" assertions="2" time="0.045270"/>
          <testcase name="Try modify one candidate with wrong information with data set &quot;(['01234567890123456789012345678…456789', 'Mr. Danial Fritsch Jr.'])&quot;" file="tests/Feature/CandidateAPITest.php::Try modify one candidate with wrong information with data set &quot;(['01234567890123456789012345678…456789', 'Mr. Danial Fritsch Jr.'])&quot;" class="Tests\Feature\CandidateAPITest" classname="Tests.Feature.CandidateAPITest" assertions="2" time="0.046584"/>
          <testcase name="Try modify one candidate with wrong information with data set &quot;(['Vivian', 1])&quot;" file="tests/Feature/CandidateAPITest.php::Try modify one candidate with wrong information with data set &quot;(['Vivian', 1])&quot;" class="Tests\Feature\CandidateAPITest" classname="Tests.Feature.CandidateAPITest" assertions="2" time="0.046087"/>
          <testcase name="Try modify one candidate with wrong information with data set &quot;([1, 'Keely Bechtelar'])&quot;" file="tests/Feature/CandidateAPITest.php::Try modify one candidate with wrong information with data set &quot;([1, 'Keely Bechtelar'])&quot;" class="Tests\Feature\CandidateAPITest" classname="Tests.Feature.CandidateAPITest" assertions="2" time="0.046098"/>
          <testcase name="Try modify one candidate with wrong information with data set &quot;(['Dolores', '01234567890123456789012345678…456789'])&quot;" file="tests/Feature/CandidateAPITest.php::Try modify one candidate with wrong information with data set &quot;(['Dolores', '01234567890123456789012345678…456789'])&quot;" class="Tests\Feature\CandidateAPITest" classname="Tests.Feature.CandidateAPITest" assertions="2" time="0.046833"/>
          <testcase name="Try modify one candidate with wrong information with data set &quot;([[], 'Santos Hilpert IV'])&quot;" file="tests/Feature/CandidateAPITest.php::Try modify one candidate with wrong information with data set &quot;([[], 'Santos Hilpert IV'])&quot;" class="Tests\Feature\CandidateAPITest" classname="Tests.Feature.CandidateAPITest" assertions="2" time="0.047360"/>
        </testsuite>
        <testcase name="Create one candidate" file="tests/Feature/CandidateAPITest.php::Create one candidate" class="Tests\Feature\CandidateAPITest" classname="Tests.Feature.CandidateAPITest" assertions="3" time="0.048830"/>
        <testcase name="Try delete a candidate with negative id" file="tests/Feature/CandidateAPITest.php::Try delete a candidate with negative id" class="Tests\Feature\CandidateAPITest" classname="Tests.Feature.CandidateAPITest" assertions="2" time="0.060326"/>
        <testcase name="See all the candidates who have their mission who expired" file="tests/Feature/CandidateAPITest.php::See all the candidates who have their mission who expired" class="Tests\Feature\CandidateAPITest" classname="Tests.Feature.CandidateAPITest" assertions="3" time="0.100219"/>
        <testcase name="See all the candidates and their missions" file="tests/Feature/CandidateAPITest.php::See all the candidates and their missions" class="Tests\Feature\CandidateAPITest" classname="Tests.Feature.CandidateAPITest" assertions="4" time="0.078597"/>
        <testcase name="Modify one candidate" file="tests/Feature/CandidateAPITest.php::Modify one candidate" class="Tests\Feature\CandidateAPITest" classname="Tests.Feature.CandidateAPITest" assertions="4" time="0.054000"/>
      </testsuite>
      <testsuite name="Tests\Feature\ModelTest" file="tests/Feature/ModelTest.php" tests="3" assertions="3" errors="0" failures="0" skipped="0" time="0.134306">
        <testsuite name="Tests\Feature\ModelTest::__pest_evaluable_Mission_" tests="2" assertions="2" errors="0" failures="0" skipped="0" time="0.099281">
          <testcase name="Mission with data set &quot;(['2024-05-05T23:48:35.000000Z', '2025-02-06T10:31:04.000000Z', 'eos', …])&quot;" file="tests/Feature/ModelTest.php::Mission with data set &quot;(['2024-05-05T23:48:35.000000Z', '2025-02-06T10:31:04.000000Z', 'eos', …])&quot;" class="Tests\Feature\ModelTest" classname="Tests.Feature.ModelTest" assertions="1" time="0.067542"/>
          <testcase name="Mission with data set &quot;(['2024-02-11T19:46:41.000000Z', '2024-08-05T20:46:22.000000Z', 'esse', …])&quot;" file="tests/Feature/ModelTest.php::Mission with data set &quot;(['2024-02-11T19:46:41.000000Z', '2024-08-05T20:46:22.000000Z', 'esse', …])&quot;" class="Tests\Feature\ModelTest" classname="Tests.Feature.ModelTest" assertions="1" time="0.031739"/>
        </testsuite>
        <testcase name="Candidate" file="tests/Feature/ModelTest.php::Candidate" class="Tests\Feature\ModelTest" classname="Tests.Feature.ModelTest" assertions="1" time="0.035025"/>
      </testsuite>
      <testsuite name="Tests\Feature\MissionAPITest" file="tests/Feature/MissionAPITest.php" tests="17" assertions="39" errors="0" failures="0" skipped="0" time="0.672047">
        <testsuite name="Tests\Feature\MissionAPITest::__pest_evaluable_Create_one_mission_" tests="2" assertions="6" errors="0" failures="0" skipped="0" time="0.083785">
          <testcase name="Create one mission with data set &quot;(['2024-02-06T22:38:40.000000Z', '2025-02-01T14:05:26.000000Z', 'et', …])&quot;" file="tests/Feature/MissionAPITest.php::Create one mission with data set &quot;(['2024-02-06T22:38:40.000000Z', '2025-02-01T14:05:26.000000Z', 'et', …])&quot;" class="Tests\Feature\MissionAPITest" classname="Tests.Feature.MissionAPITest" assertions="3" time="0.044231"/>
          <testcase name="Create one mission with data set &quot;(['2024-01-04T10:50:28.000000Z', '2024-06-05T14:56:38.000000Z', 'dolorem', …])&quot;" file="tests/Feature/MissionAPITest.php::Create one mission with data set &quot;(['2024-01-04T10:50:28.000000Z', '2024-06-05T14:56:38.000000Z', 'dolorem', …])&quot;" class="Tests\Feature\MissionAPITest" classname="Tests.Feature.MissionAPITest" assertions="3" time="0.039553"/>
        </testsuite>
        <testsuite name="Tests\Feature\MissionAPITest::__pest_evaluable_Try_create_one_mission_with_wrong_information_" tests="12" assertions="24" errors="0" failures="0" skipped="0" time="0.453487">
          <testcase name="Try create one mission with wrong information with data set &quot;(['2024-10-22T11:08:45.000000Z', 'error', 1])&quot;" file="tests/Feature/MissionAPITest.php::Try create one mission with wrong information with data set &quot;(['2024-10-22T11:08:45.000000Z', 'error', 1])&quot;" class="Tests\Feature\MissionAPITest" classname="Tests.Feature.MissionAPITest" assertions="2" time="0.037324"/>
          <testcase name="Try create one mission with wrong information with data set &quot;(['2023-12-09T03:39:27.000000Z', '2024-11-13T18:08:53.000000Z', 'eaque', …])&quot;" file="tests/Feature/MissionAPITest.php::Try create one mission with wrong information with data set &quot;(['2023-12-09T03:39:27.000000Z', '2024-11-13T18:08:53.000000Z', 'eaque', …])&quot;" class="Tests\Feature\MissionAPITest" classname="Tests.Feature.MissionAPITest" assertions="2" time="0.037482"/>
          <testcase name="Try create one mission with wrong information with data set &quot;(['2024-03-04T00:21:26.000000Z', '2024-09-27T17:53:15.000000Z', 'vel', …])&quot;" file="tests/Feature/MissionAPITest.php::Try create one mission with wrong information with data set &quot;(['2024-03-04T00:21:26.000000Z', '2024-09-27T17:53:15.000000Z', 'vel', …])&quot;" class="Tests\Feature\MissionAPITest" classname="Tests.Feature.MissionAPITest" assertions="2" time="0.037398"/>
          <testcase name="Try create one mission with wrong information with data set &quot;(['2023-10-16T16:05:23.000000Z', 1, 'ut', …])&quot;" file="tests/Feature/MissionAPITest.php::Try create one mission with wrong information with data set &quot;(['2023-10-16T16:05:23.000000Z', 1, 'ut', …])&quot;" class="Tests\Feature\MissionAPITest" classname="Tests.Feature.MissionAPITest" assertions="2" time="0.038042"/>
          <testcase name="Try create one mission with wrong information with data set &quot;(['2023-07-14T21:15:25.000000Z', '2024-09-19T16:20:03.000000Z', 1])&quot;" file="tests/Feature/MissionAPITest.php::Try create one mission with wrong information with data set &quot;(['2023-07-14T21:15:25.000000Z', '2024-09-19T16:20:03.000000Z', 1])&quot;" class="Tests\Feature\MissionAPITest" classname="Tests.Feature.MissionAPITest" assertions="2" time="0.034856"/>
          <testcase name="Try create one mission with wrong information with data set &quot;(['2023-11-17T10:08:58.000000Z', '2023-12-09T09:34:43.000000Z', 'sapiente', …])&quot;" file="tests/Feature/MissionAPITest.php::Try create one mission with wrong information with data set &quot;(['2023-11-17T10:08:58.000000Z', '2023-12-09T09:34:43.000000Z', 'sapiente', …])&quot;" class="Tests\Feature\MissionAPITest" classname="Tests.Feature.MissionAPITest" assertions="2" time="0.036449"/>
          <testcase name="Try create one mission with wrong information with data set &quot;(['2024-01-07T23:46:46.000000Z', '2024-10-03T09:43:36.000000Z', 'minima'])&quot;" file="tests/Feature/MissionAPITest.php::Try create one mission with wrong information with data set &quot;(['2024-01-07T23:46:46.000000Z', '2024-10-03T09:43:36.000000Z', 'minima'])&quot;" class="Tests\Feature\MissionAPITest" classname="Tests.Feature.MissionAPITest" assertions="2" time="0.039833"/>
          <testcase name="Try create one mission with wrong information with data set &quot;(['2024-11-19T01:37:43.000000Z', '2025-03-03T23:49:05.000000Z', 'eum', …])&quot;" file="tests/Feature/MissionAPITest.php::Try create one mission with wrong information with data set &quot;(['2024-11-19T01:37:43.000000Z', '2025-03-03T23:49:05.000000Z', 'eum', …])&quot;" class="Tests\Feature\MissionAPITest" classname="Tests.Feature.MissionAPITest" assertions="2" time="0.039222"/>
          <testcase name="Try create one mission with wrong information with data set &quot;(['2023-08-26T06:55:38.000000Z', 'sit', 1])&quot;" file="tests/Feature/MissionAPITest.php::Try create one mission with wrong information with data set &quot;(['2023-08-26T06:55:38.000000Z', 'sit', 1])&quot;" class="Tests\Feature\MissionAPITest" classname="Tests.Feature.MissionAPITest" assertions="2" time="0.037940"/>
          <testcase name="Try create one mission with wrong information with data set &quot;([1, '2025-02-28T03:02:50.000000Z', 'voluptatum', …])&quot;" file="tests/Feature/MissionAPITest.php::Try create one mission with wrong information with data set &quot;([1, '2025-02-28T03:02:50.000000Z', 'voluptatum', …])&quot;" class="Tests\Feature\MissionAPITest" classname="Tests.Feature.MissionAPITest" assertions="2" time="0.041545"/>
          <testcase name="Try create one mission with wrong information with data set &quot;(['2024-03-10T02:03:55.000000Z', '2024-08-13T04:32:59.000000Z', 1, …])&quot;" file="tests/Feature/MissionAPITest.php::Try create one mission with wrong information with data set &quot;(['2024-03-10T02:03:55.000000Z', '2024-08-13T04:32:59.000000Z', 1, …])&quot;" class="Tests\Feature\MissionAPITest" classname="Tests.Feature.MissionAPITest" assertions="2" time="0.035787"/>
          <testcase name="Try create one mission with wrong information with data set &quot;(['2024-05-31T16:40:27.000000Z', '2024-11-22T04:27:52.000000Z', 'possimus', …])&quot;" file="tests/Feature/MissionAPITest.php::Try create one mission with wrong information with data set &quot;(['2024-05-31T16:40:27.000000Z', '2024-11-22T04:27:52.000000Z', 'possimus', …])&quot;" class="Tests\Feature\MissionAPITest" classname="Tests.Feature.MissionAPITest" assertions="2" time="0.037609"/>
        </testsuite>
        <testcase name="Modify one mission" file="tests/Feature/MissionAPITest.php::Modify one mission" class="Tests\Feature\MissionAPITest" classname="Tests.Feature.MissionAPITest" assertions="4" time="0.050980"/>
        <testcase name="Delete one mission" file="tests/Feature/MissionAPITest.php::Delete one mission" class="Tests\Feature\MissionAPITest" classname="Tests.Feature.MissionAPITest" assertions="3" time="0.049447"/>
        <testcase name="Try delete a candidate with negative id" file="tests/Feature/MissionAPITest.php::Try delete a candidate with negative id" class="Tests\Feature\MissionAPITest" classname="Tests.Feature.MissionAPITest" assertions="2" time="0.034348"/>
      </testsuite>
    </testsuite>
    <testsuite name="Unit" tests="1" assertions="1" errors="0" failures="0" skipped="0" time="0.034681">
      <testsuite name="Tests\Unit\ExampleTest" file="tests/Unit/ExampleTest.php" tests="1" assertions="1" errors="0" failures="0" skipped="0" time="0.034681">
        <testcase name="that true is true" file="tests/Unit/ExampleTest.php::that true is true" class="Tests\Unit\ExampleTest" classname="Tests.Unit.ExampleTest" assertions="1" time="0.034681"/>
      </testsuite>
    </testsuite>
  </testsuite>
</testsuites>
