<?xml version="1.0" encoding="UTF-8"?>
<testsuites>
  <testsuite name="/home/ubuntu/dev/talent-tracker/phpunit.xml" tests="32" assertions="70" errors="0" failures="0" skipped="0" time="1.650933">
    <testsuite name="Feature" tests="31" assertions="69" errors="0" failures="0" skipped="0" time="1.644497">
      <testsuite name="Tests\Feature\CandidateAPITest" file="tests/Feature/CandidateAPITest.php" tests="14" assertions="36" errors="0" failures="0" skipped="0" time="0.939921">
        <testcase name="Create one candidate" file="tests/Feature/CandidateAPITest.php::Create one candidate" class="Tests\Feature\CandidateAPITest" classname="Tests.Feature.CandidateAPITest" assertions="3" time="0.332284"/>
        <testcase name="Try delete a candidate with negative id" file="tests/Feature/CandidateAPITest.php::Try delete a candidate with negative id" class="Tests\Feature\CandidateAPITest" classname="Tests.Feature.CandidateAPITest" assertions="2" time="0.044833"/>
        <testcase name="See all the candidates who have their mission who expired" file="tests/Feature/CandidateAPITest.php::See all the candidates who have their mission who expired" class="Tests\Feature\CandidateAPITest" classname="Tests.Feature.CandidateAPITest" assertions="3" time="0.059607"/>
        <testcase name="Modify one candidate" file="tests/Feature/CandidateAPITest.php::Modify one candidate" class="Tests\Feature\CandidateAPITest" classname="Tests.Feature.CandidateAPITest" assertions="3" time="0.050074"/>
        <testcase name="Try modify one candidate with negative id" file="tests/Feature/CandidateAPITest.php::Try modify one candidate with negative id" class="Tests\Feature\CandidateAPITest" classname="Tests.Feature.CandidateAPITest" assertions="3" time="0.042308"/>
        <testsuite name="Tests\Feature\CandidateAPITest::__pest_evaluable_Try_create_one_candidate_with_wrong_information_" tests="7" assertions="14" errors="0" failures="0" skipped="0" time="0.309596">
          <testcase name="Try create one candidate with wrong information with data set &quot;([1, 'Dr. Amie Waelchi'])&quot;" file="tests/Feature/CandidateAPITest.php::Try create one candidate with wrong information with data set &quot;([1, 'Dr. Amie Waelchi'])&quot;" class="Tests\Feature\CandidateAPITest" classname="Tests.Feature.CandidateAPITest" assertions="2" time="0.049534"/>
          <testcase name="Try create one candidate with wrong information with data set &quot;(['Jasper', '01234567890123456789012345678…456789'])&quot;" file="tests/Feature/CandidateAPITest.php::Try create one candidate with wrong information with data set &quot;(['Jasper', '01234567890123456789012345678…456789'])&quot;" class="Tests\Feature\CandidateAPITest" classname="Tests.Feature.CandidateAPITest" assertions="2" time="0.047217"/>
          <testcase name="Try create one candidate with wrong information with data set &quot;([[], 'Prof. Dante Dietrich Jr.'])&quot;" file="tests/Feature/CandidateAPITest.php::Try create one candidate with wrong information with data set &quot;([[], 'Prof. Dante Dietrich Jr.'])&quot;" class="Tests\Feature\CandidateAPITest" classname="Tests.Feature.CandidateAPITest" assertions="2" time="0.041834"/>
          <testcase name="Try create one candidate with wrong information with data set &quot;(['Leo', 1])&quot;" file="tests/Feature/CandidateAPITest.php::Try create one candidate with wrong information with data set &quot;(['Leo', 1])&quot;" class="Tests\Feature\CandidateAPITest" classname="Tests.Feature.CandidateAPITest" assertions="2" time="0.041865"/>
          <testcase name="Try create one candidate with wrong information with data set &quot;(['01234567890123456789012345678…456789', 'Mr. Kenneth Lubowitz'])&quot;" file="tests/Feature/CandidateAPITest.php::Try create one candidate with wrong information with data set &quot;(['01234567890123456789012345678…456789', 'Mr. Kenneth Lubowitz'])&quot;" class="Tests\Feature\CandidateAPITest" classname="Tests.Feature.CandidateAPITest" assertions="2" time="0.041336"/>
          <testcase name="Try create one candidate with wrong information with data set &quot;([])&quot;" file="tests/Feature/CandidateAPITest.php::Try create one candidate with wrong information with data set &quot;([])&quot;" class="Tests\Feature\CandidateAPITest" classname="Tests.Feature.CandidateAPITest" assertions="2" time="0.043219"/>
          <testcase name="Try create one candidate with wrong information with data set &quot;(['Linnie', []])&quot;" file="tests/Feature/CandidateAPITest.php::Try create one candidate with wrong information with data set &quot;(['Linnie', []])&quot;" class="Tests\Feature\CandidateAPITest" classname="Tests.Feature.CandidateAPITest" assertions="2" time="0.044590"/>
        </testsuite>
        <testcase name="See all the candidates and their missions" file="tests/Feature/CandidateAPITest.php::See all the candidates and their missions" class="Tests\Feature\CandidateAPITest" classname="Tests.Feature.CandidateAPITest" assertions="4" time="0.050898"/>
        <testcase name="Delete one candidate" file="tests/Feature/CandidateAPITest.php::Delete one candidate" class="Tests\Feature\CandidateAPITest" classname="Tests.Feature.CandidateAPITest" assertions="4" time="0.050322"/>
      </testsuite>
      <testsuite name="Tests\Feature\MissionAPITest" file="tests/Feature/MissionAPITest.php" tests="14" assertions="30" errors="0" failures="0" skipped="0" time="0.570279">
        <testsuite name="Tests\Feature\MissionAPITest::__pest_evaluable_Create_one_mission_" tests="2" assertions="6" errors="0" failures="0" skipped="0" time="0.118001">
          <testcase name="Create one mission with data set &quot;(['2024-02-08T06:01:52.000000Z', '2025-05-16T14:51:45.000000Z', 'minus', …])&quot;" file="tests/Feature/MissionAPITest.php::Create one mission with data set &quot;(['2024-02-08T06:01:52.000000Z', '2025-05-16T14:51:45.000000Z', 'minus', …])&quot;" class="Tests\Feature\MissionAPITest" classname="Tests.Feature.MissionAPITest" assertions="3" time="0.066588"/>
          <testcase name="Create one mission with data set &quot;(['2023-08-10T22:28:46.000000Z', '2024-06-29T12:43:49.000000Z', 'et', …])&quot;" file="tests/Feature/MissionAPITest.php::Create one mission with data set &quot;(['2023-08-10T22:28:46.000000Z', '2024-06-29T12:43:49.000000Z', 'et', …])&quot;" class="Tests\Feature\MissionAPITest" classname="Tests.Feature.MissionAPITest" assertions="3" time="0.051413"/>
        </testsuite>
        <testsuite name="Tests\Feature\MissionAPITest::__pest_evaluable_Try_create_one_mission_with_wrong_information_" tests="12" assertions="24" errors="0" failures="0" skipped="0" time="0.452278">
          <testcase name="Try create one mission with wrong information with data set &quot;([1, '2025-02-28T20:45:43.000000Z', 'quo', …])&quot;" file="tests/Feature/MissionAPITest.php::Try create one mission with wrong information with data set &quot;([1, '2025-02-28T20:45:43.000000Z', 'quo', …])&quot;" class="Tests\Feature\MissionAPITest" classname="Tests.Feature.MissionAPITest" assertions="2" time="0.039718"/>
          <testcase name="Try create one mission with wrong information with data set &quot;(['2023-07-07T02:39:55.000000Z', 'id', 1])&quot;" file="tests/Feature/MissionAPITest.php::Try create one mission with wrong information with data set &quot;(['2023-07-07T02:39:55.000000Z', 'id', 1])&quot;" class="Tests\Feature\MissionAPITest" classname="Tests.Feature.MissionAPITest" assertions="2" time="0.036022"/>
          <testcase name="Try create one mission with wrong information with data set &quot;(['2023-07-31T01:12:14.000000Z', '2025-04-26T13:34:15.000000Z', 1, …])&quot;" file="tests/Feature/MissionAPITest.php::Try create one mission with wrong information with data set &quot;(['2023-07-31T01:12:14.000000Z', '2025-04-26T13:34:15.000000Z', 1, …])&quot;" class="Tests\Feature\MissionAPITest" classname="Tests.Feature.MissionAPITest" assertions="2" time="0.042714"/>
          <testcase name="Try create one mission with wrong information with data set &quot;(['2024-11-27T17:11:58.000000Z', 'qui', 1])&quot;" file="tests/Feature/MissionAPITest.php::Try create one mission with wrong information with data set &quot;(['2024-11-27T17:11:58.000000Z', 'qui', 1])&quot;" class="Tests\Feature\MissionAPITest" classname="Tests.Feature.MissionAPITest" assertions="2" time="0.040057"/>
          <testcase name="Try create one mission with wrong information with data set &quot;(['2024-01-01T05:12:46.000000Z', '2025-01-11T21:55:27.000000Z', 'odio', …])&quot;" file="tests/Feature/MissionAPITest.php::Try create one mission with wrong information with data set &quot;(['2024-01-01T05:12:46.000000Z', '2025-01-11T21:55:27.000000Z', 'odio', …])&quot;" class="Tests\Feature\MissionAPITest" classname="Tests.Feature.MissionAPITest" assertions="2" time="0.035946"/>
          <testcase name="Try create one mission with wrong information with data set &quot;(['2023-07-01T02:57:03.000000Z', '2024-06-13T18:26:56.000000Z', 'est'])&quot;" file="tests/Feature/MissionAPITest.php::Try create one mission with wrong information with data set &quot;(['2023-07-01T02:57:03.000000Z', '2024-06-13T18:26:56.000000Z', 'est'])&quot;" class="Tests\Feature\MissionAPITest" classname="Tests.Feature.MissionAPITest" assertions="2" time="0.036293"/>
          <testcase name="Try create one mission with wrong information with data set &quot;(['2023-06-06T00:44:16.000000Z', '2024-09-06T13:38:51.000000Z', 'aspernatur', …])&quot;" file="tests/Feature/MissionAPITest.php::Try create one mission with wrong information with data set &quot;(['2023-06-06T00:44:16.000000Z', '2024-09-06T13:38:51.000000Z', 'aspernatur', …])&quot;" class="Tests\Feature\MissionAPITest" classname="Tests.Feature.MissionAPITest" assertions="2" time="0.037362"/>
          <testcase name="Try create one mission with wrong information with data set &quot;(['2023-07-18T18:48:38.000000Z', '2024-11-17T21:28:44.000000Z', 'minus', …])&quot;" file="tests/Feature/MissionAPITest.php::Try create one mission with wrong information with data set &quot;(['2023-07-18T18:48:38.000000Z', '2024-11-17T21:28:44.000000Z', 'minus', …])&quot;" class="Tests\Feature\MissionAPITest" classname="Tests.Feature.MissionAPITest" assertions="2" time="0.038497"/>
          <testcase name="Try create one mission with wrong information with data set &quot;(['2023-09-21T12:03:49.000000Z', 1, 'quos', …])&quot;" file="tests/Feature/MissionAPITest.php::Try create one mission with wrong information with data set &quot;(['2023-09-21T12:03:49.000000Z', 1, 'quos', …])&quot;" class="Tests\Feature\MissionAPITest" classname="Tests.Feature.MissionAPITest" assertions="2" time="0.038566"/>
          <testcase name="Try create one mission with wrong information with data set &quot;(['2023-06-07T21:46:47.000000Z', '2022-07-05T12:47:25.000000Z', 'omnis', …])&quot;" file="tests/Feature/MissionAPITest.php::Try create one mission with wrong information with data set &quot;(['2023-06-07T21:46:47.000000Z', '2022-07-05T12:47:25.000000Z', 'omnis', …])&quot;" class="Tests\Feature\MissionAPITest" classname="Tests.Feature.MissionAPITest" assertions="2" time="0.036995"/>
          <testcase name="Try create one mission with wrong information with data set &quot;(['2024-02-05T16:17:47.000000Z', '2024-10-12T18:46:22.000000Z', 1])&quot;" file="tests/Feature/MissionAPITest.php::Try create one mission with wrong information with data set &quot;(['2024-02-05T16:17:47.000000Z', '2024-10-12T18:46:22.000000Z', 1])&quot;" class="Tests\Feature\MissionAPITest" classname="Tests.Feature.MissionAPITest" assertions="2" time="0.035771"/>
          <testcase name="Try create one mission with wrong information with data set &quot;(['2025-09-11T12:54:49.000000Z', '2024-06-16T05:36:14.000000Z', 'quia', …])&quot;" file="tests/Feature/MissionAPITest.php::Try create one mission with wrong information with data set &quot;(['2025-09-11T12:54:49.000000Z', '2024-06-16T05:36:14.000000Z', 'quia', …])&quot;" class="Tests\Feature\MissionAPITest" classname="Tests.Feature.MissionAPITest" assertions="2" time="0.034337"/>
        </testsuite>
      </testsuite>
      <testsuite name="Tests\Feature\ModelTest" file="tests/Feature/ModelTest.php" tests="3" assertions="3" errors="0" failures="0" skipped="0" time="0.134296">
        <testcase name="Candidate" file="tests/Feature/ModelTest.php::Candidate" class="Tests\Feature\ModelTest" classname="Tests.Feature.ModelTest" assertions="1" time="0.066670"/>
        <testsuite name="Tests\Feature\ModelTest::__pest_evaluable_Mission_" tests="2" assertions="2" errors="0" failures="0" skipped="0" time="0.067626">
          <testcase name="Mission with data set &quot;(['2024-03-15T00:11:38.000000Z', '2024-07-19T04:23:18.000000Z', 'autem', …])&quot;" file="tests/Feature/ModelTest.php::Mission with data set &quot;(['2024-03-15T00:11:38.000000Z', '2024-07-19T04:23:18.000000Z', 'autem', …])&quot;" class="Tests\Feature\ModelTest" classname="Tests.Feature.ModelTest" assertions="1" time="0.032731"/>
          <testcase name="Mission with data set &quot;(['2024-02-14T02:38:59.000000Z', '2024-12-02T00:02:33.000000Z', 'nulla', …])&quot;" file="tests/Feature/ModelTest.php::Mission with data set &quot;(['2024-02-14T02:38:59.000000Z', '2024-12-02T00:02:33.000000Z', 'nulla', …])&quot;" class="Tests\Feature\ModelTest" classname="Tests.Feature.ModelTest" assertions="1" time="0.034896"/>
        </testsuite>
      </testsuite>
    </testsuite>
    <testsuite name="Unit" tests="1" assertions="1" errors="0" failures="0" skipped="0" time="0.006437">
      <testsuite name="Tests\Unit\ExampleTest" file="tests/Unit/ExampleTest.php" tests="1" assertions="1" errors="0" failures="0" skipped="0" time="0.006437">
        <testcase name="that true is true" file="tests/Unit/ExampleTest.php::that true is true" class="Tests\Unit\ExampleTest" classname="Tests.Unit.ExampleTest" assertions="1" time="0.006437"/>
      </testsuite>
    </testsuite>
  </testsuite>
</testsuites>
