<?xml version="1.0" encoding="UTF-8"?>
<testsuites>
  <testsuite name="/home/ubuntu/dev/talent-tracker/phpunit.xml" tests="39" assertions="104" errors="0" failures="0" skipped="0" time="2.581279">
    <testsuite name="Unit" tests="1" assertions="1" errors="0" failures="0" skipped="0" time="0.014007">
      <testsuite name="Tests\Unit\ExampleTest" file="tests/Unit/ExampleTest.php" tests="1" assertions="1" errors="0" failures="0" skipped="0" time="0.014007">
        <testcase name="that true is true" file="tests/Unit/ExampleTest.php::that true is true" class="Tests\Unit\ExampleTest" classname="Tests.Unit.ExampleTest" assertions="1" time="0.014007"/>
      </testsuite>
    </testsuite>
    <testsuite name="Feature" tests="38" assertions="103" errors="0" failures="0" skipped="0" time="2.567273">
      <testsuite name="Tests\Feature\CandidateAPITest" file="tests/Feature/CandidateAPITest.php" tests="21" assertions="58" errors="0" failures="0" skipped="0" time="1.642846">
        <testcase name="Delete one candidate" file="tests/Feature/CandidateAPITest.php::Delete one candidate" class="Tests\Feature\CandidateAPITest" classname="Tests.Feature.CandidateAPITest" assertions="4" time="0.429324"/>
        <testcase name="Try modify one candidate with negative id" file="tests/Feature/CandidateAPITest.php::Try modify one candidate with negative id" class="Tests\Feature\CandidateAPITest" classname="Tests.Feature.CandidateAPITest" assertions="3" time="0.067113"/>
        <testcase name="Create one candidate" file="tests/Feature/CandidateAPITest.php::Create one candidate" class="Tests\Feature\CandidateAPITest" classname="Tests.Feature.CandidateAPITest" assertions="3" time="0.050896"/>
        <testcase name="See all the candidates who have their mission who expired" file="tests/Feature/CandidateAPITest.php::See all the candidates who have their mission who expired" class="Tests\Feature\CandidateAPITest" classname="Tests.Feature.CandidateAPITest" assertions="3" time="0.072257"/>
        <testcase name="Modify one candidate" file="tests/Feature/CandidateAPITest.php::Modify one candidate" class="Tests\Feature\CandidateAPITest" classname="Tests.Feature.CandidateAPITest" assertions="4" time="0.062644"/>
        <testcase name="See all the candidates and their missions" file="tests/Feature/CandidateAPITest.php::See all the candidates and their missions" class="Tests\Feature\CandidateAPITest" classname="Tests.Feature.CandidateAPITest" assertions="4" time="0.057734"/>
        <testsuite name="Tests\Feature\CandidateAPITest::__pest_evaluable_Try_modify_one_candidate_with_wrong_information_" tests="7" assertions="14" errors="0" failures="0" skipped="0" time="0.437766">
          <testcase name="Try modify one candidate with wrong information with data set &quot;(['Turner'])&quot;" file="tests/Feature/CandidateAPITest.php::Try modify one candidate with wrong information with data set &quot;(['Turner'])&quot;" class="Tests\Feature\CandidateAPITest" classname="Tests.Feature.CandidateAPITest" assertions="2" time="0.055549"/>
          <testcase name="Try modify one candidate with wrong information with data set &quot;(['Albert Raynor III'])&quot;" file="tests/Feature/CandidateAPITest.php::Try modify one candidate with wrong information with data set &quot;(['Albert Raynor III'])&quot;" class="Tests\Feature\CandidateAPITest" classname="Tests.Feature.CandidateAPITest" assertions="2" time="0.068397"/>
          <testcase name="Try modify one candidate with wrong information with data set &quot;(['Iva'])&quot;" file="tests/Feature/CandidateAPITest.php::Try modify one candidate with wrong information with data set &quot;(['Iva'])&quot;" class="Tests\Feature\CandidateAPITest" classname="Tests.Feature.CandidateAPITest" assertions="2" time="0.064424"/>
          <testcase name="Try modify one candidate with wrong information with data set &quot;(['Leanne', 1])&quot;" file="tests/Feature/CandidateAPITest.php::Try modify one candidate with wrong information with data set &quot;(['Leanne', 1])&quot;" class="Tests\Feature\CandidateAPITest" classname="Tests.Feature.CandidateAPITest" assertions="2" time="0.062473"/>
          <testcase name="Try modify one candidate with wrong information with data set &quot;(['01234567890123456789012345678…456789', 'Lucious Hermiston'])&quot;" file="tests/Feature/CandidateAPITest.php::Try modify one candidate with wrong information with data set &quot;(['01234567890123456789012345678…456789', 'Lucious Hermiston'])&quot;" class="Tests\Feature\CandidateAPITest" classname="Tests.Feature.CandidateAPITest" assertions="2" time="0.083451"/>
          <testcase name="Try modify one candidate with wrong information with data set &quot;([1, 'Loy Zieme II'])&quot;" file="tests/Feature/CandidateAPITest.php::Try modify one candidate with wrong information with data set &quot;([1, 'Loy Zieme II'])&quot;" class="Tests\Feature\CandidateAPITest" classname="Tests.Feature.CandidateAPITest" assertions="2" time="0.055760"/>
          <testcase name="Try modify one candidate with wrong information with data set &quot;(['Dwight', '01234567890123456789012345678…456789'])&quot;" file="tests/Feature/CandidateAPITest.php::Try modify one candidate with wrong information with data set &quot;(['Dwight', '01234567890123456789012345678…456789'])&quot;" class="Tests\Feature\CandidateAPITest" classname="Tests.Feature.CandidateAPITest" assertions="2" time="0.047712"/>
        </testsuite>
        <testcase name="Try delete a candidate with negative id" file="tests/Feature/CandidateAPITest.php::Try delete a candidate with negative id" class="Tests\Feature\CandidateAPITest" classname="Tests.Feature.CandidateAPITest" assertions="2" time="0.072137"/>
        <testsuite name="Tests\Feature\CandidateAPITest::__pest_evaluable_Try_create_one_candidate_with_wrong_information_" tests="7" assertions="21" errors="0" failures="0" skipped="0" time="0.392976">
          <testcase name="Try create one candidate with wrong information with data set &quot;(['Hellen Koch'])&quot;" file="tests/Feature/CandidateAPITest.php::Try create one candidate with wrong information with data set &quot;(['Hellen Koch'])&quot;" class="Tests\Feature\CandidateAPITest" classname="Tests.Feature.CandidateAPITest" assertions="3" time="0.051017"/>
          <testcase name="Try create one candidate with wrong information with data set &quot;([1, 'Amanda Schmeler'])&quot;" file="tests/Feature/CandidateAPITest.php::Try create one candidate with wrong information with data set &quot;([1, 'Amanda Schmeler'])&quot;" class="Tests\Feature\CandidateAPITest" classname="Tests.Feature.CandidateAPITest" assertions="3" time="0.058659"/>
          <testcase name="Try create one candidate with wrong information with data set &quot;(['Delilah', 1])&quot;" file="tests/Feature/CandidateAPITest.php::Try create one candidate with wrong information with data set &quot;(['Delilah', 1])&quot;" class="Tests\Feature\CandidateAPITest" classname="Tests.Feature.CandidateAPITest" assertions="3" time="0.054443"/>
          <testcase name="Try create one candidate with wrong information with data set &quot;(['Elna', '01234567890123456789012345678…456789'])&quot;" file="tests/Feature/CandidateAPITest.php::Try create one candidate with wrong information with data set &quot;(['Elna', '01234567890123456789012345678…456789'])&quot;" class="Tests\Feature\CandidateAPITest" classname="Tests.Feature.CandidateAPITest" assertions="3" time="0.052277"/>
          <testcase name="Try create one candidate with wrong information with data set &quot;(['01234567890123456789012345678…456789', 'Laisha Zieme'])&quot;" file="tests/Feature/CandidateAPITest.php::Try create one candidate with wrong information with data set &quot;(['01234567890123456789012345678…456789', 'Laisha Zieme'])&quot;" class="Tests\Feature\CandidateAPITest" classname="Tests.Feature.CandidateAPITest" assertions="3" time="0.058979"/>
          <testcase name="Try create one candidate with wrong information with data set &quot;(['Iliana'])&quot;" file="tests/Feature/CandidateAPITest.php::Try create one candidate with wrong information with data set &quot;(['Iliana'])&quot;" class="Tests\Feature\CandidateAPITest" classname="Tests.Feature.CandidateAPITest" assertions="3" time="0.062436"/>
          <testcase name="Try create one candidate with wrong information with data set &quot;(['Malvina'])&quot;" file="tests/Feature/CandidateAPITest.php::Try create one candidate with wrong information with data set &quot;(['Malvina'])&quot;" class="Tests\Feature\CandidateAPITest" classname="Tests.Feature.CandidateAPITest" assertions="3" time="0.055164"/>
        </testsuite>
      </testsuite>
      <testsuite name="Tests\Feature\ModelTest" file="tests/Feature/ModelTest.php" tests="3" assertions="3" errors="0" failures="0" skipped="0" time="0.160599">
        <testsuite name="Tests\Feature\ModelTest::__pest_evaluable_Mission_" tests="2" assertions="2" errors="0" failures="0" skipped="0" time="0.119111">
          <testcase name="Mission with data set &quot;(['2024-01-28', '2024-10-21', 'et', …])&quot;" file="tests/Feature/ModelTest.php::Mission with data set &quot;(['2024-01-28', '2024-10-21', 'et', …])&quot;" class="Tests\Feature\ModelTest" classname="Tests.Feature.ModelTest" assertions="1" time="0.081180"/>
          <testcase name="Mission with data set &quot;(['2023-09-24', '2024-08-30', 'amet', …])&quot;" file="tests/Feature/ModelTest.php::Mission with data set &quot;(['2023-09-24', '2024-08-30', 'amet', …])&quot;" class="Tests\Feature\ModelTest" classname="Tests.Feature.ModelTest" assertions="1" time="0.037932"/>
        </testsuite>
        <testcase name="Candidate" file="tests/Feature/ModelTest.php::Candidate" class="Tests\Feature\ModelTest" classname="Tests.Feature.ModelTest" assertions="1" time="0.041488"/>
      </testsuite>
      <testsuite name="Tests\Feature\MissionAPITest" file="tests/Feature/MissionAPITest.php" tests="14" assertions="42" errors="0" failures="0" skipped="0" time="0.763827">
        <testcase name="Try delete a mission with negative id" file="tests/Feature/MissionAPITest.php::Try delete a mission with negative id" class="Tests\Feature\MissionAPITest" classname="Tests.Feature.MissionAPITest" assertions="2" time="0.058590"/>
        <testcase name="Try modify one mission with negative id" file="tests/Feature/MissionAPITest.php::Try modify one mission with negative id" class="Tests\Feature\MissionAPITest" classname="Tests.Feature.MissionAPITest" assertions="3" time="0.056444"/>
        <testsuite name="Tests\Feature\MissionAPITest::__pest_evaluable_Try_create_one_mission_" tests="8" assertions="24" errors="0" failures="0" skipped="0" time="0.425320">
          <testcase name="Try create one mission with data set &quot;(['2024/06/09', '2024-08-16', 'est', …])&quot;" file="tests/Feature/MissionAPITest.php::Try create one mission with data set &quot;(['2024/06/09', '2024-08-16', 'est', …])&quot;" class="Tests\Feature\MissionAPITest" classname="Tests.Feature.MissionAPITest" assertions="3" time="0.059174"/>
          <testcase name="Try create one mission with data set &quot;(['2023-12-19', '2024/07/26', 'tempora', …])&quot;" file="tests/Feature/MissionAPITest.php::Try create one mission with data set &quot;(['2023-12-19', '2024/07/26', 'tempora', …])&quot;" class="Tests\Feature\MissionAPITest" classname="Tests.Feature.MissionAPITest" assertions="3" time="0.052012"/>
          <testcase name="Try create one mission with data set &quot;(['2023-07-22', 1, 'ex', …])&quot;" file="tests/Feature/MissionAPITest.php::Try create one mission with data set &quot;(['2023-07-22', 1, 'ex', …])&quot;" class="Tests\Feature\MissionAPITest" classname="Tests.Feature.MissionAPITest" assertions="3" time="0.047053"/>
          <testcase name="Try create one mission with data set &quot;(['2024-03-18', '2025-04-29', 1, …])&quot;" file="tests/Feature/MissionAPITest.php::Try create one mission with data set &quot;(['2024-03-18', '2025-04-29', 1, …])&quot;" class="Tests\Feature\MissionAPITest" classname="Tests.Feature.MissionAPITest" assertions="3" time="0.049663"/>
          <testcase name="Try create one mission with data set &quot;([1, '2024-07-18', 'ullam', …])&quot;" file="tests/Feature/MissionAPITest.php::Try create one mission with data set &quot;([1, '2024-07-18', 'ullam', …])&quot;" class="Tests\Feature\MissionAPITest" classname="Tests.Feature.MissionAPITest" assertions="3" time="0.071643"/>
          <testcase name="Try create one mission with data set &quot;(['2024-09-12', 'ut', 1])&quot;" file="tests/Feature/MissionAPITest.php::Try create one mission with data set &quot;(['2024-09-12', 'ut', 1])&quot;" class="Tests\Feature\MissionAPITest" classname="Tests.Feature.MissionAPITest" assertions="3" time="0.047634"/>
          <testcase name="Try create one mission with data set &quot;(['2024-01-18', 'quia', 1])&quot;" file="tests/Feature/MissionAPITest.php::Try create one mission with data set &quot;(['2024-01-18', 'quia', 1])&quot;" class="Tests\Feature\MissionAPITest" classname="Tests.Feature.MissionAPITest" assertions="3" time="0.050077"/>
          <testcase name="Try create one mission with data set &quot;(['2023-09-18', '2024-10-08', 1, …])&quot;" file="tests/Feature/MissionAPITest.php::Try create one mission with data set &quot;(['2023-09-18', '2024-10-08', 1, …])&quot;" class="Tests\Feature\MissionAPITest" classname="Tests.Feature.MissionAPITest" assertions="3" time="0.048065"/>
        </testsuite>
        <testsuite name="Tests\Feature\MissionAPITest::__pest_evaluable_Create_one_mission_" tests="2" assertions="6" errors="0" failures="0" skipped="0" time="0.109267">
          <testcase name="Create one mission with data set &quot;(['2023-07-14', '2025-03-12', 'cupiditate', …])&quot;" file="tests/Feature/MissionAPITest.php::Create one mission with data set &quot;(['2023-07-14', '2025-03-12', 'cupiditate', …])&quot;" class="Tests\Feature\MissionAPITest" classname="Tests.Feature.MissionAPITest" assertions="3" time="0.059393"/>
          <testcase name="Create one mission with data set &quot;(['2023-11-30', '2024-10-28', 'est', …])&quot;" file="tests/Feature/MissionAPITest.php::Create one mission with data set &quot;(['2023-11-30', '2024-10-28', 'est', …])&quot;" class="Tests\Feature\MissionAPITest" classname="Tests.Feature.MissionAPITest" assertions="3" time="0.049874"/>
        </testsuite>
        <testcase name="Delete one mission" file="tests/Feature/MissionAPITest.php::Delete one mission" class="Tests\Feature\MissionAPITest" classname="Tests.Feature.MissionAPITest" assertions="3" time="0.059519"/>
        <testcase name="Modify one mission" file="tests/Feature/MissionAPITest.php::Modify one mission" class="Tests\Feature\MissionAPITest" classname="Tests.Feature.MissionAPITest" assertions="4" time="0.054688"/>
      </testsuite>
    </testsuite>
  </testsuite>
</testsuites>
