<?xml version="1.0" encoding="UTF-8"?>
<testsuites>
  <testsuite name="/home/ubuntu/dev/talent-tracker/phpunit.xml" tests="20" assertions="46" errors="0" failures="0" skipped="0" time="17.933254">
    <testsuite name="Feature" tests="19" assertions="45" errors="0" failures="0" skipped="0" time="17.728803">
      <testsuite name="Tests\Feature\CandidateAPITest" file="tests/Feature/CandidateAPITest.php" tests="14" assertions="36" errors="0" failures="0" skipped="0" time="12.578802">
        <testcase name="Modify one candidate" file="tests/Feature/CandidateAPITest.php::Modify one candidate" class="Tests\Feature\CandidateAPITest" classname="Tests.Feature.CandidateAPITest" assertions="3" time="1.448862"/>
        <testcase name="Delete one candidate" file="tests/Feature/CandidateAPITest.php::Delete one candidate" class="Tests\Feature\CandidateAPITest" classname="Tests.Feature.CandidateAPITest" assertions="4" time="0.476267"/>
        <testcase name="Try modify one candidate with negative id" file="tests/Feature/CandidateAPITest.php::Try modify one candidate with negative id" class="Tests\Feature\CandidateAPITest" classname="Tests.Feature.CandidateAPITest" assertions="3" time="0.581822"/>
        <testcase name="Try delete a candidate with negative id" file="tests/Feature/CandidateAPITest.php::Try delete a candidate with negative id" class="Tests\Feature\CandidateAPITest" classname="Tests.Feature.CandidateAPITest" assertions="2" time="0.618430"/>
        <testcase name="See all the candidates and their missions" file="tests/Feature/CandidateAPITest.php::See all the candidates and their missions" class="Tests\Feature\CandidateAPITest" classname="Tests.Feature.CandidateAPITest" assertions="4" time="0.697572"/>
        <testsuite name="Tests\Feature\CandidateAPITest::__pest_evaluable_Try_create_one_candidate_with_wrong_information_" tests="7" assertions="14" errors="0" failures="0" skipped="0" time="6.622486">
          <testcase name="Try create one candidate with wrong information with data set &quot;(['Jasper', 1])&quot;" file="tests/Feature/CandidateAPITest.php::Try create one candidate with wrong information with data set &quot;(['Jasper', 1])&quot;" class="Tests\Feature\CandidateAPITest" classname="Tests.Feature.CandidateAPITest" assertions="2" time="0.801972"/>
          <testcase name="Try create one candidate with wrong information with data set &quot;([])&quot;" file="tests/Feature/CandidateAPITest.php::Try create one candidate with wrong information with data set &quot;([])&quot;" class="Tests\Feature\CandidateAPITest" classname="Tests.Feature.CandidateAPITest" assertions="2" time="0.802045"/>
          <testcase name="Try create one candidate with wrong information with data set &quot;(['Jada', []])&quot;" file="tests/Feature/CandidateAPITest.php::Try create one candidate with wrong information with data set &quot;(['Jada', []])&quot;" class="Tests\Feature\CandidateAPITest" classname="Tests.Feature.CandidateAPITest" assertions="2" time="0.921253"/>
          <testcase name="Try create one candidate with wrong information with data set &quot;([[], 'Prof. Nyasia Reinger Jr.'])&quot;" file="tests/Feature/CandidateAPITest.php::Try create one candidate with wrong information with data set &quot;([[], 'Prof. Nyasia Reinger Jr.'])&quot;" class="Tests\Feature\CandidateAPITest" classname="Tests.Feature.CandidateAPITest" assertions="2" time="1.039010"/>
          <testcase name="Try create one candidate with wrong information with data set &quot;([1, 'Horace Bradtke'])&quot;" file="tests/Feature/CandidateAPITest.php::Try create one candidate with wrong information with data set &quot;([1, 'Horace Bradtke'])&quot;" class="Tests\Feature\CandidateAPITest" classname="Tests.Feature.CandidateAPITest" assertions="2" time="1.301726"/>
          <testcase name="Try create one candidate with wrong information with data set &quot;(['Turner', '01234567890123456789012345678…456789'])&quot;" file="tests/Feature/CandidateAPITest.php::Try create one candidate with wrong information with data set &quot;(['Turner', '01234567890123456789012345678…456789'])&quot;" class="Tests\Feature\CandidateAPITest" classname="Tests.Feature.CandidateAPITest" assertions="2" time="0.864971"/>
          <testcase name="Try create one candidate with wrong information with data set &quot;(['01234567890123456789012345678…456789', 'Lydia Towne'])&quot;" file="tests/Feature/CandidateAPITest.php::Try create one candidate with wrong information with data set &quot;(['01234567890123456789012345678…456789', 'Lydia Towne'])&quot;" class="Tests\Feature\CandidateAPITest" classname="Tests.Feature.CandidateAPITest" assertions="2" time="0.891508"/>
        </testsuite>
        <testcase name="Create one candidate" file="tests/Feature/CandidateAPITest.php::Create one candidate" class="Tests\Feature\CandidateAPITest" classname="Tests.Feature.CandidateAPITest" assertions="3" time="0.968429"/>
        <testcase name="See all the candidates who have their mission who expired" file="tests/Feature/CandidateAPITest.php::See all the candidates who have their mission who expired" class="Tests\Feature\CandidateAPITest" classname="Tests.Feature.CandidateAPITest" assertions="3" time="1.164934"/>
      </testsuite>
      <testsuite name="Tests\Feature\ModelTest" file="tests/Feature/ModelTest.php" tests="3" assertions="3" errors="0" failures="0" skipped="0" time="2.805311">
        <testcase name="Candidate" file="tests/Feature/ModelTest.php::Candidate" class="Tests\Feature\ModelTest" classname="Tests.Feature.ModelTest" assertions="1" time="1.079233"/>
        <testsuite name="Tests\Feature\ModelTest::__pest_evaluable_Mission_" tests="2" assertions="2" errors="0" failures="0" skipped="0" time="1.726078">
          <testcase name="Mission with data set &quot;(['2024-01-24T02:50:22.000000Z', '2024-06-09T13:38:04.000000Z', 'commodi', …])&quot;" file="tests/Feature/ModelTest.php::Mission with data set &quot;(['2024-01-24T02:50:22.000000Z', '2024-06-09T13:38:04.000000Z', 'commodi', …])&quot;" class="Tests\Feature\ModelTest" classname="Tests.Feature.ModelTest" assertions="1" time="0.839057"/>
          <testcase name="Mission with data set &quot;(['2024-02-15T08:43:08.000000Z', '2025-04-24T02:10:13.000000Z', 'ratione', …])&quot;" file="tests/Feature/ModelTest.php::Mission with data set &quot;(['2024-02-15T08:43:08.000000Z', '2025-04-24T02:10:13.000000Z', 'ratione', …])&quot;" class="Tests\Feature\ModelTest" classname="Tests.Feature.ModelTest" assertions="1" time="0.887021"/>
        </testsuite>
      </testsuite>
      <testsuite name="Tests\Feature\MissionAPITest" file="tests/Feature/MissionAPITest.php" tests="2" assertions="6" errors="0" failures="0" skipped="0" time="2.344690">
        <testsuite name="Tests\Feature\MissionAPITest::__pest_evaluable_Create_one_mission_" tests="2" assertions="6" errors="0" failures="0" skipped="0" time="2.344690">
          <testcase name="Create one mission with data set &quot;(['2023-07-09T05:41:25.000000Z', '2024-06-05T20:28:28.000000Z', 'consequatur', …])&quot;" file="tests/Feature/MissionAPITest.php::Create one mission with data set &quot;(['2023-07-09T05:41:25.000000Z', '2024-06-05T20:28:28.000000Z', 'consequatur', …])&quot;" class="Tests\Feature\MissionAPITest" classname="Tests.Feature.MissionAPITest" assertions="3" time="1.233810"/>
          <testcase name="Create one mission with data set &quot;(['2023-11-04T09:56:27.000000Z', '2025-04-30T01:44:06.000000Z', 'nobis', …])&quot;" file="tests/Feature/MissionAPITest.php::Create one mission with data set &quot;(['2023-11-04T09:56:27.000000Z', '2025-04-30T01:44:06.000000Z', 'nobis', …])&quot;" class="Tests\Feature\MissionAPITest" classname="Tests.Feature.MissionAPITest" assertions="3" time="1.110881"/>
        </testsuite>
      </testsuite>
    </testsuite>
    <testsuite name="Unit" tests="1" assertions="1" errors="0" failures="0" skipped="0" time="0.204451">
      <testsuite name="Tests\Unit\ExampleTest" file="tests/Unit/ExampleTest.php" tests="1" assertions="1" errors="0" failures="0" skipped="0" time="0.204451">
        <testcase name="that true is true" file="tests/Unit/ExampleTest.php::that true is true" class="Tests\Unit\ExampleTest" classname="Tests.Unit.ExampleTest" assertions="1" time="0.204451"/>
      </testsuite>
    </testsuite>
  </testsuite>
</testsuites>
