<?xml version="1.0" encoding="UTF-8"?>
<testsuites>
  <testsuite name="/home/ubuntu/dev/talent-tracker/phpunit.xml" tests="43" assertions="97" errors="0" failures="0" skipped="0" time="2.421618">
    <testsuite name="Feature" tests="42" assertions="96" errors="0" failures="0" skipped="0" time="2.348321">
      <testsuite name="Tests\Feature\MissionAPITest" file="tests/Feature/MissionAPITest.php" tests="18" assertions="42" errors="0" failures="0" skipped="0" time="0.998504">
        <testcase name="Try modify one mission with negative id" file="tests/Feature/MissionAPITest.php::Try modify one mission with negative id" class="Tests\Feature\MissionAPITest" classname="Tests.Feature.MissionAPITest" assertions="3" time="0.304031"/>
        <testcase name="Modify one mission" file="tests/Feature/MissionAPITest.php::Modify one mission" class="Tests\Feature\MissionAPITest" classname="Tests.Feature.MissionAPITest" assertions="4" time="0.054670"/>
        <testcase name="Try delete a candidate with negative id" file="tests/Feature/MissionAPITest.php::Try delete a candidate with negative id" class="Tests\Feature\MissionAPITest" classname="Tests.Feature.MissionAPITest" assertions="2" time="0.038011"/>
        <testsuite name="Tests\Feature\MissionAPITest::__pest_evaluable_Create_one_mission_" tests="2" assertions="6" errors="0" failures="0" skipped="0" time="0.098559">
          <testcase name="Create one mission with data set &quot;(['2023-08-08T15:48:43.000000Z', '2024-08-23T18:19:15.000000Z', 'ut', …])&quot;" file="tests/Feature/MissionAPITest.php::Create one mission with data set &quot;(['2023-08-08T15:48:43.000000Z', '2024-08-23T18:19:15.000000Z', 'ut', …])&quot;" class="Tests\Feature\MissionAPITest" classname="Tests.Feature.MissionAPITest" assertions="3" time="0.057039"/>
          <testcase name="Create one mission with data set &quot;(['2023-06-14T14:19:39.000000Z', '2025-02-16T17:37:07.000000Z', 'doloremque', …])&quot;" file="tests/Feature/MissionAPITest.php::Create one mission with data set &quot;(['2023-06-14T14:19:39.000000Z', '2025-02-16T17:37:07.000000Z', 'doloremque', …])&quot;" class="Tests\Feature\MissionAPITest" classname="Tests.Feature.MissionAPITest" assertions="3" time="0.041519"/>
        </testsuite>
        <testcase name="Delete one mission" file="tests/Feature/MissionAPITest.php::Delete one mission" class="Tests\Feature\MissionAPITest" classname="Tests.Feature.MissionAPITest" assertions="3" time="0.046773"/>
        <testsuite name="Tests\Feature\MissionAPITest::__pest_evaluable_Try_create_one_mission_with_wrong_information_" tests="12" assertions="24" errors="0" failures="0" skipped="0" time="0.456461">
          <testcase name="Try create one mission with wrong information with data set &quot;(['2023-07-12T01:47:29.000000Z', '2024-02-12T20:27:41.000000Z', 'perferendis', …])&quot;" file="tests/Feature/MissionAPITest.php::Try create one mission with wrong information with data set &quot;(['2023-07-12T01:47:29.000000Z', '2024-02-12T20:27:41.000000Z', 'perferendis', …])&quot;" class="Tests\Feature\MissionAPITest" classname="Tests.Feature.MissionAPITest" assertions="2" time="0.040510"/>
          <testcase name="Try create one mission with wrong information with data set &quot;(['2024-04-25T12:31:15.000000Z', '2024-08-30T00:08:17.000000Z', 'maxime'])&quot;" file="tests/Feature/MissionAPITest.php::Try create one mission with wrong information with data set &quot;(['2024-04-25T12:31:15.000000Z', '2024-08-30T00:08:17.000000Z', 'maxime'])&quot;" class="Tests\Feature\MissionAPITest" classname="Tests.Feature.MissionAPITest" assertions="2" time="0.039160"/>
          <testcase name="Try create one mission with wrong information with data set &quot;(['2024-03-31T04:51:38.000000Z', '2025-05-05T21:58:49.000000Z', 'temporibus', …])&quot;" file="tests/Feature/MissionAPITest.php::Try create one mission with wrong information with data set &quot;(['2024-03-31T04:51:38.000000Z', '2025-05-05T21:58:49.000000Z', 'temporibus', …])&quot;" class="Tests\Feature\MissionAPITest" classname="Tests.Feature.MissionAPITest" assertions="2" time="0.047364"/>
          <testcase name="Try create one mission with wrong information with data set &quot;(['2023-07-08T21:17:34.000000Z', '2024-12-05T10:40:23.000000Z', 'consequatur', …])&quot;" file="tests/Feature/MissionAPITest.php::Try create one mission with wrong information with data set &quot;(['2023-07-08T21:17:34.000000Z', '2024-12-05T10:40:23.000000Z', 'consequatur', …])&quot;" class="Tests\Feature\MissionAPITest" classname="Tests.Feature.MissionAPITest" assertions="2" time="0.037539"/>
          <testcase name="Try create one mission with wrong information with data set &quot;(['2023-11-22T22:12:19.000000Z', '2025-01-05T21:40:41.000000Z', 1])&quot;" file="tests/Feature/MissionAPITest.php::Try create one mission with wrong information with data set &quot;(['2023-11-22T22:12:19.000000Z', '2025-01-05T21:40:41.000000Z', 1])&quot;" class="Tests\Feature\MissionAPITest" classname="Tests.Feature.MissionAPITest" assertions="2" time="0.035039"/>
          <testcase name="Try create one mission with wrong information with data set &quot;(['2023-08-23T23:55:58.000000Z', '2025-01-29T07:04:37.000000Z', 1, …])&quot;" file="tests/Feature/MissionAPITest.php::Try create one mission with wrong information with data set &quot;(['2023-08-23T23:55:58.000000Z', '2025-01-29T07:04:37.000000Z', 1, …])&quot;" class="Tests\Feature\MissionAPITest" classname="Tests.Feature.MissionAPITest" assertions="2" time="0.040130"/>
          <testcase name="Try create one mission with wrong information with data set &quot;([1, '2024-11-14T23:46:02.000000Z', 'quia', …])&quot;" file="tests/Feature/MissionAPITest.php::Try create one mission with wrong information with data set &quot;([1, '2024-11-14T23:46:02.000000Z', 'quia', …])&quot;" class="Tests\Feature\MissionAPITest" classname="Tests.Feature.MissionAPITest" assertions="2" time="0.037725"/>
          <testcase name="Try create one mission with wrong information with data set &quot;(['2023-09-07T00:44:04.000000Z', '2024-06-16T11:56:37.000000Z', 'a', …])&quot;" file="tests/Feature/MissionAPITest.php::Try create one mission with wrong information with data set &quot;(['2023-09-07T00:44:04.000000Z', '2024-06-16T11:56:37.000000Z', 'a', …])&quot;" class="Tests\Feature\MissionAPITest" classname="Tests.Feature.MissionAPITest" assertions="2" time="0.035636"/>
          <testcase name="Try create one mission with wrong information with data set &quot;(['2025-04-13T22:47:18.000000Z', '2024-06-30T12:45:47.000000Z', 'est', …])&quot;" file="tests/Feature/MissionAPITest.php::Try create one mission with wrong information with data set &quot;(['2025-04-13T22:47:18.000000Z', '2024-06-30T12:45:47.000000Z', 'est', …])&quot;" class="Tests\Feature\MissionAPITest" classname="Tests.Feature.MissionAPITest" assertions="2" time="0.033386"/>
          <testcase name="Try create one mission with wrong information with data set &quot;(['2024-02-15T19:58:55.000000Z', 1, 'et', …])&quot;" file="tests/Feature/MissionAPITest.php::Try create one mission with wrong information with data set &quot;(['2024-02-15T19:58:55.000000Z', 1, 'et', …])&quot;" class="Tests\Feature\MissionAPITest" classname="Tests.Feature.MissionAPITest" assertions="2" time="0.035063"/>
          <testcase name="Try create one mission with wrong information with data set &quot;(['2023-09-15T00:38:09.000000Z', 'vel', 1])&quot;" file="tests/Feature/MissionAPITest.php::Try create one mission with wrong information with data set &quot;(['2023-09-15T00:38:09.000000Z', 'vel', 1])&quot;" class="Tests\Feature\MissionAPITest" classname="Tests.Feature.MissionAPITest" assertions="2" time="0.035200"/>
          <testcase name="Try create one mission with wrong information with data set &quot;(['2024-10-14T20:09:13.000000Z', 'commodi', 1])&quot;" file="tests/Feature/MissionAPITest.php::Try create one mission with wrong information with data set &quot;(['2024-10-14T20:09:13.000000Z', 'commodi', 1])&quot;" class="Tests\Feature\MissionAPITest" classname="Tests.Feature.MissionAPITest" assertions="2" time="0.039710"/>
        </testsuite>
      </testsuite>
      <testsuite name="Tests\Feature\ModelTest" file="tests/Feature/ModelTest.php" tests="3" assertions="3" errors="0" failures="0" skipped="0" time="0.167181">
        <testsuite name="Tests\Feature\ModelTest::__pest_evaluable_Mission_" tests="2" assertions="2" errors="0" failures="0" skipped="0" time="0.107538">
          <testcase name="Mission with data set &quot;(['2023-06-04T01:55:30.000000Z', '2024-06-15T14:59:44.000000Z', 'ipsa', …])&quot;" file="tests/Feature/ModelTest.php::Mission with data set &quot;(['2023-06-04T01:55:30.000000Z', '2024-06-15T14:59:44.000000Z', 'ipsa', …])&quot;" class="Tests\Feature\ModelTest" classname="Tests.Feature.ModelTest" assertions="1" time="0.072357"/>
          <testcase name="Mission with data set &quot;(['2024-04-18T04:52:57.000000Z', '2024-10-10T16:12:25.000000Z', 'perferendis', …])&quot;" file="tests/Feature/ModelTest.php::Mission with data set &quot;(['2024-04-18T04:52:57.000000Z', '2024-10-10T16:12:25.000000Z', 'perferendis', …])&quot;" class="Tests\Feature\ModelTest" classname="Tests.Feature.ModelTest" assertions="1" time="0.035180"/>
        </testsuite>
        <testcase name="Candidate" file="tests/Feature/ModelTest.php::Candidate" class="Tests\Feature\ModelTest" classname="Tests.Feature.ModelTest" assertions="1" time="0.059644"/>
      </testsuite>
      <testsuite name="Tests\Feature\CandidateAPITest" file="tests/Feature/CandidateAPITest.php" tests="21" assertions="51" errors="0" failures="0" skipped="0" time="1.182636">
        <testcase name="Modify one candidate" file="tests/Feature/CandidateAPITest.php::Modify one candidate" class="Tests\Feature\CandidateAPITest" classname="Tests.Feature.CandidateAPITest" assertions="4" time="0.071156"/>
        <testcase name="Try modify one candidate with negative id" file="tests/Feature/CandidateAPITest.php::Try modify one candidate with negative id" class="Tests\Feature\CandidateAPITest" classname="Tests.Feature.CandidateAPITest" assertions="3" time="0.051363"/>
        <testcase name="See all the candidates who have their mission who expired" file="tests/Feature/CandidateAPITest.php::See all the candidates who have their mission who expired" class="Tests\Feature\CandidateAPITest" classname="Tests.Feature.CandidateAPITest" assertions="3" time="0.053008"/>
        <testcase name="Try delete a candidate with negative id" file="tests/Feature/CandidateAPITest.php::Try delete a candidate with negative id" class="Tests\Feature\CandidateAPITest" classname="Tests.Feature.CandidateAPITest" assertions="2" time="0.048058"/>
        <testcase name="Create one candidate" file="tests/Feature/CandidateAPITest.php::Create one candidate" class="Tests\Feature\CandidateAPITest" classname="Tests.Feature.CandidateAPITest" assertions="3" time="0.056775"/>
        <testcase name="Delete one candidate" file="tests/Feature/CandidateAPITest.php::Delete one candidate" class="Tests\Feature\CandidateAPITest" classname="Tests.Feature.CandidateAPITest" assertions="4" time="0.055628"/>
        <testsuite name="Tests\Feature\CandidateAPITest::__pest_evaluable_Try_create_one_candidate_with_wrong_information_" tests="7" assertions="14" errors="0" failures="0" skipped="0" time="0.359218">
          <testcase name="Try create one candidate with wrong information with data set &quot;(['Zander', '01234567890123456789012345678…456789'])&quot;" file="tests/Feature/CandidateAPITest.php::Try create one candidate with wrong information with data set &quot;(['Zander', '01234567890123456789012345678…456789'])&quot;" class="Tests\Feature\CandidateAPITest" classname="Tests.Feature.CandidateAPITest" assertions="2" time="0.054524"/>
          <testcase name="Try create one candidate with wrong information with data set &quot;([1, 'Chance Ruecker'])&quot;" file="tests/Feature/CandidateAPITest.php::Try create one candidate with wrong information with data set &quot;([1, 'Chance Ruecker'])&quot;" class="Tests\Feature\CandidateAPITest" classname="Tests.Feature.CandidateAPITest" assertions="2" time="0.057398"/>
          <testcase name="Try create one candidate with wrong information with data set &quot;(['01234567890123456789012345678…456789', 'Camilla Hartmann'])&quot;" file="tests/Feature/CandidateAPITest.php::Try create one candidate with wrong information with data set &quot;(['01234567890123456789012345678…456789', 'Camilla Hartmann'])&quot;" class="Tests\Feature\CandidateAPITest" classname="Tests.Feature.CandidateAPITest" assertions="2" time="0.056038"/>
          <testcase name="Try create one candidate with wrong information with data set &quot;(['Watson', 1])&quot;" file="tests/Feature/CandidateAPITest.php::Try create one candidate with wrong information with data set &quot;(['Watson', 1])&quot;" class="Tests\Feature\CandidateAPITest" classname="Tests.Feature.CandidateAPITest" assertions="2" time="0.046375"/>
          <testcase name="Try create one candidate with wrong information with data set &quot;([])&quot;" file="tests/Feature/CandidateAPITest.php::Try create one candidate with wrong information with data set &quot;([])&quot;" class="Tests\Feature\CandidateAPITest" classname="Tests.Feature.CandidateAPITest" assertions="2" time="0.052216"/>
          <testcase name="Try create one candidate with wrong information with data set &quot;([[], 'Dr. D'angelo Hessel II'])&quot;" file="tests/Feature/CandidateAPITest.php::Try create one candidate with wrong information with data set &quot;([[], 'Dr. D'angelo Hessel II'])&quot;" class="Tests\Feature\CandidateAPITest" classname="Tests.Feature.CandidateAPITest" assertions="2" time="0.047374"/>
          <testcase name="Try create one candidate with wrong information with data set &quot;(['Anastasia', []])&quot;" file="tests/Feature/CandidateAPITest.php::Try create one candidate with wrong information with data set &quot;(['Anastasia', []])&quot;" class="Tests\Feature\CandidateAPITest" classname="Tests.Feature.CandidateAPITest" assertions="2" time="0.045293"/>
        </testsuite>
        <testcase name="See all the candidates and their missions" file="tests/Feature/CandidateAPITest.php::See all the candidates and their missions" class="Tests\Feature\CandidateAPITest" classname="Tests.Feature.CandidateAPITest" assertions="4" time="0.054154"/>
        <testsuite name="Tests\Feature\CandidateAPITest::__pest_evaluable_Try_modify_one_candidate_with_wrong_information_" tests="7" assertions="14" errors="0" failures="0" skipped="0" time="0.433276">
          <testcase name="Try modify one candidate with wrong information with data set &quot;([[], 'Alisa Wolff'])&quot;" file="tests/Feature/CandidateAPITest.php::Try modify one candidate with wrong information with data set &quot;([[], 'Alisa Wolff'])&quot;" class="Tests\Feature\CandidateAPITest" classname="Tests.Feature.CandidateAPITest" assertions="2" time="0.052759"/>
          <testcase name="Try modify one candidate with wrong information with data set &quot;(['01234567890123456789012345678…456789', 'Alan Nader V'])&quot;" file="tests/Feature/CandidateAPITest.php::Try modify one candidate with wrong information with data set &quot;(['01234567890123456789012345678…456789', 'Alan Nader V'])&quot;" class="Tests\Feature\CandidateAPITest" classname="Tests.Feature.CandidateAPITest" assertions="2" time="0.046912"/>
          <testcase name="Try modify one candidate with wrong information with data set &quot;([])&quot;" file="tests/Feature/CandidateAPITest.php::Try modify one candidate with wrong information with data set &quot;([])&quot;" class="Tests\Feature\CandidateAPITest" classname="Tests.Feature.CandidateAPITest" assertions="2" time="0.057398"/>
          <testcase name="Try modify one candidate with wrong information with data set &quot;(['Ona', []])&quot;" file="tests/Feature/CandidateAPITest.php::Try modify one candidate with wrong information with data set &quot;(['Ona', []])&quot;" class="Tests\Feature\CandidateAPITest" classname="Tests.Feature.CandidateAPITest" assertions="2" time="0.051605"/>
          <testcase name="Try modify one candidate with wrong information with data set &quot;(['Karelle', '01234567890123456789012345678…456789'])&quot;" file="tests/Feature/CandidateAPITest.php::Try modify one candidate with wrong information with data set &quot;(['Karelle', '01234567890123456789012345678…456789'])&quot;" class="Tests\Feature\CandidateAPITest" classname="Tests.Feature.CandidateAPITest" assertions="2" time="0.059182"/>
          <testcase name="Try modify one candidate with wrong information with data set &quot;(['Earlene', 1])&quot;" file="tests/Feature/CandidateAPITest.php::Try modify one candidate with wrong information with data set &quot;(['Earlene', 1])&quot;" class="Tests\Feature\CandidateAPITest" classname="Tests.Feature.CandidateAPITest" assertions="2" time="0.086737"/>
          <testcase name="Try modify one candidate with wrong information with data set &quot;([1, 'Mrs. Rosamond Bogisich'])&quot;" file="tests/Feature/CandidateAPITest.php::Try modify one candidate with wrong information with data set &quot;([1, 'Mrs. Rosamond Bogisich'])&quot;" class="Tests\Feature\CandidateAPITest" classname="Tests.Feature.CandidateAPITest" assertions="2" time="0.078682"/>
        </testsuite>
      </testsuite>
    </testsuite>
    <testsuite name="Unit" tests="1" assertions="1" errors="0" failures="0" skipped="0" time="0.073297">
      <testsuite name="Tests\Unit\ExampleTest" file="tests/Unit/ExampleTest.php" tests="1" assertions="1" errors="0" failures="0" skipped="0" time="0.073297">
        <testcase name="that true is true" file="tests/Unit/ExampleTest.php::that true is true" class="Tests\Unit\ExampleTest" classname="Tests.Unit.ExampleTest" assertions="1" time="0.073297"/>
      </testsuite>
    </testsuite>
  </testsuite>
</testsuites>
