<?xml version="1.0" encoding="UTF-8"?>
<testsuites>
  <testsuite name="/home/ubuntu/dev/talent-tracker/phpunit.xml" tests="41" assertions="89" errors="0" failures="0" skipped="0" time="59.803991">
    <testsuite name="Feature" tests="40" assertions="88" errors="0" failures="0" skipped="0" time="58.572526">
      <testsuite name="Tests\Feature\ModelTest" file="tests/Feature/ModelTest.php" tests="3" assertions="3" errors="0" failures="0" skipped="0" time="2.072531">
        <testcase name="Candidate" file="tests/Feature/ModelTest.php::Candidate" class="Tests\Feature\ModelTest" classname="Tests.Feature.ModelTest" assertions="1" time="1.424818"/>
        <testsuite name="Tests\Feature\ModelTest::__pest_evaluable_Mission_" tests="2" assertions="2" errors="0" failures="0" skipped="0" time="0.647713">
          <testcase name="Mission with data set &quot;(['2023-12-24T02:35:27.000000Z', '2024-09-25T08:50:49.000000Z', 'quasi', …])&quot;" file="tests/Feature/ModelTest.php::Mission with data set &quot;(['2023-12-24T02:35:27.000000Z', '2024-09-25T08:50:49.000000Z', 'quasi', …])&quot;" class="Tests\Feature\ModelTest" classname="Tests.Feature.ModelTest" assertions="1" time="0.318354"/>
          <testcase name="Mission with data set &quot;(['2023-08-06T11:11:28.000000Z', '2024-12-27T01:27:10.000000Z', 'fugiat', …])&quot;" file="tests/Feature/ModelTest.php::Mission with data set &quot;(['2023-08-06T11:11:28.000000Z', '2024-12-27T01:27:10.000000Z', 'fugiat', …])&quot;" class="Tests\Feature\ModelTest" classname="Tests.Feature.ModelTest" assertions="1" time="0.329359"/>
        </testsuite>
      </testsuite>
      <testsuite name="Tests\Feature\CandidateAPITest" file="tests/Feature/CandidateAPITest.php" tests="21" assertions="50" errors="0" failures="0" skipped="0" time="22.847632">
        <testcase name="See all the candidates and their missions" file="tests/Feature/CandidateAPITest.php::See all the candidates and their missions" class="Tests\Feature\CandidateAPITest" classname="Tests.Feature.CandidateAPITest" assertions="4" time="0.641294"/>
        <testcase name="Try delete a candidate with negative id" file="tests/Feature/CandidateAPITest.php::Try delete a candidate with negative id" class="Tests\Feature\CandidateAPITest" classname="Tests.Feature.CandidateAPITest" assertions="2" time="0.559849"/>
        <testcase name="See all the candidates who have their mission who expired" file="tests/Feature/CandidateAPITest.php::See all the candidates who have their mission who expired" class="Tests\Feature\CandidateAPITest" classname="Tests.Feature.CandidateAPITest" assertions="3" time="0.743820"/>
        <testsuite name="Tests\Feature\CandidateAPITest::__pest_evaluable_Try_create_one_candidate_with_wrong_information_" tests="7" assertions="14" errors="0" failures="0" skipped="0" time="5.841708">
          <testcase name="Try create one candidate with wrong information with data set &quot;([])&quot;" file="tests/Feature/CandidateAPITest.php::Try create one candidate with wrong information with data set &quot;([])&quot;" class="Tests\Feature\CandidateAPITest" classname="Tests.Feature.CandidateAPITest" assertions="2" time="0.754267"/>
          <testcase name="Try create one candidate with wrong information with data set &quot;(['01234567890123456789012345678…456789', 'Frieda Klocko'])&quot;" file="tests/Feature/CandidateAPITest.php::Try create one candidate with wrong information with data set &quot;(['01234567890123456789012345678…456789', 'Frieda Klocko'])&quot;" class="Tests\Feature\CandidateAPITest" classname="Tests.Feature.CandidateAPITest" assertions="2" time="0.839085"/>
          <testcase name="Try create one candidate with wrong information with data set &quot;([[], 'April Lowe'])&quot;" file="tests/Feature/CandidateAPITest.php::Try create one candidate with wrong information with data set &quot;([[], 'April Lowe'])&quot;" class="Tests\Feature\CandidateAPITest" classname="Tests.Feature.CandidateAPITest" assertions="2" time="0.894308"/>
          <testcase name="Try create one candidate with wrong information with data set &quot;([1, 'Brandon Smitham Sr.'])&quot;" file="tests/Feature/CandidateAPITest.php::Try create one candidate with wrong information with data set &quot;([1, 'Brandon Smitham Sr.'])&quot;" class="Tests\Feature\CandidateAPITest" classname="Tests.Feature.CandidateAPITest" assertions="2" time="0.986712"/>
          <testcase name="Try create one candidate with wrong information with data set &quot;(['Cielo', []])&quot;" file="tests/Feature/CandidateAPITest.php::Try create one candidate with wrong information with data set &quot;(['Cielo', []])&quot;" class="Tests\Feature\CandidateAPITest" classname="Tests.Feature.CandidateAPITest" assertions="2" time="0.713422"/>
          <testcase name="Try create one candidate with wrong information with data set &quot;(['Kayley', 1])&quot;" file="tests/Feature/CandidateAPITest.php::Try create one candidate with wrong information with data set &quot;(['Kayley', 1])&quot;" class="Tests\Feature\CandidateAPITest" classname="Tests.Feature.CandidateAPITest" assertions="2" time="0.776489"/>
          <testcase name="Try create one candidate with wrong information with data set &quot;(['Euna', '01234567890123456789012345678…456789'])&quot;" file="tests/Feature/CandidateAPITest.php::Try create one candidate with wrong information with data set &quot;(['Euna', '01234567890123456789012345678…456789'])&quot;" class="Tests\Feature\CandidateAPITest" classname="Tests.Feature.CandidateAPITest" assertions="2" time="0.877425"/>
        </testsuite>
        <testcase name="Create one candidate" file="tests/Feature/CandidateAPITest.php::Create one candidate" class="Tests\Feature\CandidateAPITest" classname="Tests.Feature.CandidateAPITest" assertions="3" time="1.009733"/>
        <testcase name="Modify one candidate" file="tests/Feature/CandidateAPITest.php::Modify one candidate" class="Tests\Feature\CandidateAPITest" classname="Tests.Feature.CandidateAPITest" assertions="3" time="1.127982"/>
        <testcase name="Delete one candidate" file="tests/Feature/CandidateAPITest.php::Delete one candidate" class="Tests\Feature\CandidateAPITest" classname="Tests.Feature.CandidateAPITest" assertions="4" time="1.166273"/>
        <testcase name="Try modify one candidate with negative id" file="tests/Feature/CandidateAPITest.php::Try modify one candidate with negative id" class="Tests\Feature\CandidateAPITest" classname="Tests.Feature.CandidateAPITest" assertions="3" time="1.137868"/>
        <testsuite name="Tests\Feature\CandidateAPITest::__pest_evaluable_Try_modify_one_candidate_with_wrong_information_" tests="7" assertions="14" errors="0" failures="0" skipped="0" time="10.619105">
          <testcase name="Try modify one candidate with wrong information with data set &quot;([1, 'Felicia Mante'])&quot;" file="tests/Feature/CandidateAPITest.php::Try modify one candidate with wrong information with data set &quot;([1, 'Felicia Mante'])&quot;" class="Tests\Feature\CandidateAPITest" classname="Tests.Feature.CandidateAPITest" assertions="2" time="1.218404"/>
          <testcase name="Try modify one candidate with wrong information with data set &quot;(['Janessa', '01234567890123456789012345678…456789'])&quot;" file="tests/Feature/CandidateAPITest.php::Try modify one candidate with wrong information with data set &quot;(['Janessa', '01234567890123456789012345678…456789'])&quot;" class="Tests\Feature\CandidateAPITest" classname="Tests.Feature.CandidateAPITest" assertions="2" time="1.304160"/>
          <testcase name="Try modify one candidate with wrong information with data set &quot;([])&quot;" file="tests/Feature/CandidateAPITest.php::Try modify one candidate with wrong information with data set &quot;([])&quot;" class="Tests\Feature\CandidateAPITest" classname="Tests.Feature.CandidateAPITest" assertions="2" time="1.403083"/>
          <testcase name="Try modify one candidate with wrong information with data set &quot;(['01234567890123456789012345678…456789', 'Mariana Lesch'])&quot;" file="tests/Feature/CandidateAPITest.php::Try modify one candidate with wrong information with data set &quot;(['01234567890123456789012345678…456789', 'Mariana Lesch'])&quot;" class="Tests\Feature\CandidateAPITest" classname="Tests.Feature.CandidateAPITest" assertions="2" time="1.566791"/>
          <testcase name="Try modify one candidate with wrong information with data set &quot;([[], 'Jacquelyn Koch'])&quot;" file="tests/Feature/CandidateAPITest.php::Try modify one candidate with wrong information with data set &quot;([[], 'Jacquelyn Koch'])&quot;" class="Tests\Feature\CandidateAPITest" classname="Tests.Feature.CandidateAPITest" assertions="2" time="1.636789"/>
          <testcase name="Try modify one candidate with wrong information with data set &quot;(['Edgardo', []])&quot;" file="tests/Feature/CandidateAPITest.php::Try modify one candidate with wrong information with data set &quot;(['Edgardo', []])&quot;" class="Tests\Feature\CandidateAPITest" classname="Tests.Feature.CandidateAPITest" assertions="2" time="1.673891"/>
          <testcase name="Try modify one candidate with wrong information with data set &quot;(['Ivory', 1])&quot;" file="tests/Feature/CandidateAPITest.php::Try modify one candidate with wrong information with data set &quot;(['Ivory', 1])&quot;" class="Tests\Feature\CandidateAPITest" classname="Tests.Feature.CandidateAPITest" assertions="2" time="1.815986"/>
        </testsuite>
      </testsuite>
      <testsuite name="Tests\Feature\MissionAPITest" file="tests/Feature/MissionAPITest.php" tests="16" assertions="35" errors="0" failures="0" skipped="0" time="33.652363">
        <testsuite name="Tests\Feature\MissionAPITest::__pest_evaluable_Create_one_mission_" tests="2" assertions="6" errors="0" failures="0" skipped="0" time="4.086326">
          <testcase name="Create one mission with data set &quot;(['2023-06-22T16:57:13.000000Z', '2024-11-28T18:08:19.000000Z', 'voluptatem', …])&quot;" file="tests/Feature/MissionAPITest.php::Create one mission with data set &quot;(['2023-06-22T16:57:13.000000Z', '2024-11-28T18:08:19.000000Z', 'voluptatem', …])&quot;" class="Tests\Feature\MissionAPITest" classname="Tests.Feature.MissionAPITest" assertions="3" time="2.348743"/>
          <testcase name="Create one mission with data set &quot;(['2024-01-08T03:30:32.000000Z', '2025-04-15T01:42:58.000000Z', 'exercitationem', …])&quot;" file="tests/Feature/MissionAPITest.php::Create one mission with data set &quot;(['2024-01-08T03:30:32.000000Z', '2025-04-15T01:42:58.000000Z', 'exercitationem', …])&quot;" class="Tests\Feature\MissionAPITest" classname="Tests.Feature.MissionAPITest" assertions="3" time="1.737583"/>
        </testsuite>
        <testcase name="Delete one mission" file="tests/Feature/MissionAPITest.php::Delete one mission" class="Tests\Feature\MissionAPITest" classname="Tests.Feature.MissionAPITest" assertions="3" time="2.043205"/>
        <testcase name="Try delete a candidate with negative id" file="tests/Feature/MissionAPITest.php::Try delete a candidate with negative id" class="Tests\Feature\MissionAPITest" classname="Tests.Feature.MissionAPITest" assertions="2" time="1.618259"/>
        <testsuite name="Tests\Feature\MissionAPITest::__pest_evaluable_Try_create_one_mission_with_wrong_information_" tests="12" assertions="24" errors="0" failures="0" skipped="0" time="25.904573">
          <testcase name="Try create one mission with wrong information with data set &quot;(['2023-08-14T03:22:02.000000Z', '2023-07-03T12:45:10.000000Z', 'iusto', …])&quot;" file="tests/Feature/MissionAPITest.php::Try create one mission with wrong information with data set &quot;(['2023-08-14T03:22:02.000000Z', '2023-07-03T12:45:10.000000Z', 'iusto', …])&quot;" class="Tests\Feature\MissionAPITest" classname="Tests.Feature.MissionAPITest" assertions="2" time="1.769898"/>
          <testcase name="Try create one mission with wrong information with data set &quot;(['2023-09-26T13:17:28.000000Z', '2024-09-01T23:01:13.000000Z', 'et', …])&quot;" file="tests/Feature/MissionAPITest.php::Try create one mission with wrong information with data set &quot;(['2023-09-26T13:17:28.000000Z', '2024-09-01T23:01:13.000000Z', 'et', …])&quot;" class="Tests\Feature\MissionAPITest" classname="Tests.Feature.MissionAPITest" assertions="2" time="1.885883"/>
          <testcase name="Try create one mission with wrong information with data set &quot;(['2023-12-19T11:25:27.000000Z', '2025-02-19T04:14:32.000000Z', 'corrupti'])&quot;" file="tests/Feature/MissionAPITest.php::Try create one mission with wrong information with data set &quot;(['2023-12-19T11:25:27.000000Z', '2025-02-19T04:14:32.000000Z', 'corrupti'])&quot;" class="Tests\Feature\MissionAPITest" classname="Tests.Feature.MissionAPITest" assertions="2" time="1.921996"/>
          <testcase name="Try create one mission with wrong information with data set &quot;(['2023-06-04T09:21:32.000000Z', 'iusto', 1])&quot;" file="tests/Feature/MissionAPITest.php::Try create one mission with wrong information with data set &quot;(['2023-06-04T09:21:32.000000Z', 'iusto', 1])&quot;" class="Tests\Feature\MissionAPITest" classname="Tests.Feature.MissionAPITest" assertions="2" time="1.905245"/>
          <testcase name="Try create one mission with wrong information with data set &quot;([1, '2024-09-08T23:23:16.000000Z', 'dolores', …])&quot;" file="tests/Feature/MissionAPITest.php::Try create one mission with wrong information with data set &quot;([1, '2024-09-08T23:23:16.000000Z', 'dolores', …])&quot;" class="Tests\Feature\MissionAPITest" classname="Tests.Feature.MissionAPITest" assertions="2" time="2.056979"/>
          <testcase name="Try create one mission with wrong information with data set &quot;(['2023-08-04T16:16:49.000000Z', '2024-11-29T05:14:18.000000Z', 1, …])&quot;" file="tests/Feature/MissionAPITest.php::Try create one mission with wrong information with data set &quot;(['2023-08-04T16:16:49.000000Z', '2024-11-29T05:14:18.000000Z', 1, …])&quot;" class="Tests\Feature\MissionAPITest" classname="Tests.Feature.MissionAPITest" assertions="2" time="2.204093"/>
          <testcase name="Try create one mission with wrong information with data set &quot;(['2024-05-25T20:33:06.000000Z', '2024-08-04T00:06:45.000000Z', 1])&quot;" file="tests/Feature/MissionAPITest.php::Try create one mission with wrong information with data set &quot;(['2024-05-25T20:33:06.000000Z', '2024-08-04T00:06:45.000000Z', 1])&quot;" class="Tests\Feature\MissionAPITest" classname="Tests.Feature.MissionAPITest" assertions="2" time="2.144828"/>
          <testcase name="Try create one mission with wrong information with data set &quot;(['2025-09-24T16:32:08.000000Z', '2025-03-11T20:08:16.000000Z', 'sed', …])&quot;" file="tests/Feature/MissionAPITest.php::Try create one mission with wrong information with data set &quot;(['2025-09-24T16:32:08.000000Z', '2025-03-11T20:08:16.000000Z', 'sed', …])&quot;" class="Tests\Feature\MissionAPITest" classname="Tests.Feature.MissionAPITest" assertions="2" time="2.305853"/>
          <testcase name="Try create one mission with wrong information with data set &quot;(['2024-01-03T23:53:28.000000Z', '2024-12-13T20:43:36.000000Z', 'quia', …])&quot;" file="tests/Feature/MissionAPITest.php::Try create one mission with wrong information with data set &quot;(['2024-01-03T23:53:28.000000Z', '2024-12-13T20:43:36.000000Z', 'quia', …])&quot;" class="Tests\Feature\MissionAPITest" classname="Tests.Feature.MissionAPITest" assertions="2" time="2.376939"/>
          <testcase name="Try create one mission with wrong information with data set &quot;(['2024-08-12T05:09:12.000000Z', 'architecto', 1])&quot;" file="tests/Feature/MissionAPITest.php::Try create one mission with wrong information with data set &quot;(['2024-08-12T05:09:12.000000Z', 'architecto', 1])&quot;" class="Tests\Feature\MissionAPITest" classname="Tests.Feature.MissionAPITest" assertions="2" time="2.337953"/>
          <testcase name="Try create one mission with wrong information with data set &quot;(['2023-11-04T12:24:37.000000Z', '2024-10-27T10:28:11.000000Z', 'sit', …])&quot;" file="tests/Feature/MissionAPITest.php::Try create one mission with wrong information with data set &quot;(['2023-11-04T12:24:37.000000Z', '2024-10-27T10:28:11.000000Z', 'sit', …])&quot;" class="Tests\Feature\MissionAPITest" classname="Tests.Feature.MissionAPITest" assertions="2" time="2.443969"/>
          <testcase name="Try create one mission with wrong information with data set &quot;(['2024-04-16T15:55:42.000000Z', 1, 'omnis', …])&quot;" file="tests/Feature/MissionAPITest.php::Try create one mission with wrong information with data set &quot;(['2024-04-16T15:55:42.000000Z', 1, 'omnis', …])&quot;" class="Tests\Feature\MissionAPITest" classname="Tests.Feature.MissionAPITest" assertions="2" time="2.550937"/>
        </testsuite>
      </testsuite>
    </testsuite>
    <testsuite name="Unit" tests="1" assertions="1" errors="0" failures="0" skipped="0" time="1.231465">
      <testsuite name="Tests\Unit\ExampleTest" file="tests/Unit/ExampleTest.php" tests="1" assertions="1" errors="0" failures="0" skipped="0" time="1.231465">
        <testcase name="that true is true" file="tests/Unit/ExampleTest.php::that true is true" class="Tests\Unit\ExampleTest" classname="Tests.Unit.ExampleTest" assertions="1" time="1.231465"/>
      </testsuite>
    </testsuite>
  </testsuite>
</testsuites>
